12:19:07 INFO  : Registering command handlers for SDK TCF services
12:19:07 INFO  : Launching XSCT server: xsct.bat -interactive E:\project_AXI_DMA -V1.0\project_AXI_DMA.sdk\temp_xsdb_launch_script.tcl
12:19:08 ERROR : (XSDB Server)couldn't read file "E:\project_AXI_DMA": permission denied

12:20:35 INFO  : Registering command handlers for SDK TCF services
12:20:35 INFO  : Launching XSCT server: xsct.bat -interactive E:\project_AXI_DMA -V1.0\project_AXI_DMA.sdk\temp_xsdb_launch_script.tcl
12:20:36 ERROR : (XSDB Server)couldn't read file "E:\project_AXI_DMA": permission denied

13:18:15 INFO  : Registering command handlers for SDK TCF services
13:18:15 INFO  : Launching XSCT server: xsct.bat -interactive E:\project_AXI_DMA -V1.0\project_AXI_DMA.sdk\temp_xsdb_launch_script.tcl
13:18:17 ERROR : (XSDB Server)couldn't read file "E:\project_AXI_DMA": permission denied

13:20:50 INFO  : Registering command handlers for SDK TCF services
13:20:50 INFO  : Launching XSCT server: xsct.bat -interactive E:\work\project_AXI_DMA\project_AXI_DMA.sdk\temp_xsdb_launch_script.tcl
13:20:52 INFO  : XSCT server has started successfully.
13:20:52 INFO  : Successfully done setting XSCT server connection channel  
13:20:53 INFO  : Successfully done setting SDK workspace  
13:20:53 INFO  : Processing command line option -hwspec E:/work/project_AXI_DMA/project_AXI_DMA.sdk/system_wrapper.hdf.
13:25:56 INFO  : 'targets -set -filter {jtag_cable_name =~ "Digilent JTAG-SMT2 210251A08870" && level==0} -index 1' command is executed.
13:25:56 INFO  : 'fpga -state' command is executed.
13:26:03 INFO  : Memory regions updated for context APU
13:26:05 INFO  : Inferring section assignments and sizes from elf file: E:\work\project_AXI_DMA\project_AXI_DMA.sdk\AXI_DMA\Debug\AXI_DMA.elf
13:26:09 INFO  : Connected to target on host '127.0.0.1' and port '3121'.
13:26:09 INFO  : 'targets -set -filter {jtag_cable_name =~ "Digilent JTAG-SMT2 210251A08870" && level==0} -index 1' command is executed.
13:26:12 INFO  : FPGA configured successfully with bitstream "E:/work/project_AXI_DMA/project_AXI_DMA.sdk/system_wrapper_hw_platform_0/system_wrapper.bit"
13:26:20 INFO  : 'targets -set -filter {jtag_cable_name =~ "Digilent JTAG-SMT2 210251A08870" && level==0} -index 1' command is executed.
13:26:20 INFO  : 'fpga -state' command is executed.
13:26:20 INFO  : Connected to target on host '127.0.0.1' and port '3121'.
13:26:21 INFO  : Jtag cable 'Digilent JTAG-SMT2 210251A08870' is selected.
13:26:21 INFO  : 'jtag frequency' command is executed.
13:26:21 INFO  : Sourcing of 'E:/work/project_AXI_DMA/project_AXI_DMA.sdk/system_wrapper_hw_platform_0/ps7_init.tcl' is done.
13:26:21 INFO  : Context for 'APU' is selected.
13:26:21 INFO  : Hardware design information is loaded from 'E:/work/project_AXI_DMA/project_AXI_DMA.sdk/system_wrapper_hw_platform_0/system.hdf'.
13:26:21 INFO  : 'configparams force-mem-access 1' command is executed.
13:26:21 INFO  : Context for 'APU' is selected.
13:26:21 INFO  : 'stop' command is executed.
13:26:21 INFO  : 'ps7_init' command is executed.
13:26:21 INFO  : 'ps7_post_config' command is executed.
13:26:21 INFO  : Context for processor 'ps7_cortexa9_0' is selected.
13:26:21 INFO  : Processor reset is completed for 'ps7_cortexa9_0'.
13:26:21 INFO  : Context for processor 'ps7_cortexa9_0' is selected.
13:26:21 INFO  : The application 'E:/work/project_AXI_DMA/project_AXI_DMA.sdk/AXI_DMA/Debug/AXI_DMA.elf' is downloaded to processor 'ps7_cortexa9_0'.
13:26:21 INFO  : 'configparams force-mem-access 0' command is executed.
13:26:21 INFO  : ----------------XSDB Script----------------
connect -url tcp:127.0.0.1:3121
source E:/work/project_AXI_DMA/project_AXI_DMA.sdk/system_wrapper_hw_platform_0/ps7_init.tcl
targets -set -nocase -filter {name =~"APU*" && jtag_cable_name =~ "Digilent JTAG-SMT2 210251A08870"} -index 0
loadhw -hw E:/work/project_AXI_DMA/project_AXI_DMA.sdk/system_wrapper_hw_platform_0/system.hdf -mem-ranges [list {0x40000000 0xbfffffff}]
configparams force-mem-access 1
targets -set -nocase -filter {name =~"APU*" && jtag_cable_name =~ "Digilent JTAG-SMT2 210251A08870"} -index 0
stop
ps7_init
ps7_post_config
targets -set -nocase -filter {name =~ "ARM*#0" && jtag_cable_name =~ "Digilent JTAG-SMT2 210251A08870"} -index 0
rst -processor
targets -set -nocase -filter {name =~ "ARM*#0" && jtag_cable_name =~ "Digilent JTAG-SMT2 210251A08870"} -index 0
dow E:/work/project_AXI_DMA/project_AXI_DMA.sdk/AXI_DMA/Debug/AXI_DMA.elf
configparams force-mem-access 0
----------------End of Script----------------

13:26:21 INFO  : Memory regions updated for context APU
13:26:22 INFO  : Context for processor 'ps7_cortexa9_0' is selected.
13:26:22 INFO  : 'con' command is executed.
13:26:22 INFO  : ----------------XSDB Script (After Launch)----------------
targets -set -nocase -filter {name =~ "ARM*#0" && jtag_cable_name =~ "Digilent JTAG-SMT2 210251A08870"} -index 0
con
----------------End of Script----------------

13:26:22 INFO  : Launch script is exported to file 'E:\work\project_AXI_DMA\project_AXI_DMA.sdk\.sdk\launch_scripts\xilinx_c-c++_application_(system_debugger)\system_debugger_using_debug_axi_dma.elf_on_local.tcl'
13:27:30 INFO  : Disconnected from the channel tcfchan#1.
13:27:31 INFO  : 'targets -set -filter {jtag_cable_name =~ "Digilent JTAG-SMT2 210251A08870" && level==0} -index 1' command is executed.
13:27:31 INFO  : 'fpga -state' command is executed.
13:27:31 INFO  : Connected to target on host '127.0.0.1' and port '3121'.
13:27:31 INFO  : Jtag cable 'Digilent JTAG-SMT2 210251A08870' is selected.
13:27:31 INFO  : 'jtag frequency' command is executed.
13:27:31 INFO  : Sourcing of 'E:/work/project_AXI_DMA/project_AXI_DMA.sdk/system_wrapper_hw_platform_0/ps7_init.tcl' is done.
13:27:31 INFO  : Context for 'APU' is selected.
13:27:32 INFO  : Hardware design information is loaded from 'E:/work/project_AXI_DMA/project_AXI_DMA.sdk/system_wrapper_hw_platform_0/system.hdf'.
13:27:32 INFO  : 'configparams force-mem-access 1' command is executed.
13:27:32 INFO  : Context for 'APU' is selected.
13:27:32 INFO  : 'stop' command is executed.
13:27:32 INFO  : 'ps7_init' command is executed.
13:27:32 INFO  : 'ps7_post_config' command is executed.
13:27:32 INFO  : Context for processor 'ps7_cortexa9_0' is selected.
13:27:32 INFO  : Processor reset is completed for 'ps7_cortexa9_0'.
13:27:32 INFO  : Context for processor 'ps7_cortexa9_0' is selected.
13:27:32 INFO  : The application 'E:/work/project_AXI_DMA/project_AXI_DMA.sdk/AXI_DMA/Debug/AXI_DMA.elf' is downloaded to processor 'ps7_cortexa9_0'.
13:27:32 INFO  : 'configparams force-mem-access 0' command is executed.
13:27:32 INFO  : ----------------XSDB Script----------------
connect -url tcp:127.0.0.1:3121
source E:/work/project_AXI_DMA/project_AXI_DMA.sdk/system_wrapper_hw_platform_0/ps7_init.tcl
targets -set -nocase -filter {name =~"APU*" && jtag_cable_name =~ "Digilent JTAG-SMT2 210251A08870"} -index 0
loadhw -hw E:/work/project_AXI_DMA/project_AXI_DMA.sdk/system_wrapper_hw_platform_0/system.hdf -mem-ranges [list {0x40000000 0xbfffffff}]
configparams force-mem-access 1
targets -set -nocase -filter {name =~"APU*" && jtag_cable_name =~ "Digilent JTAG-SMT2 210251A08870"} -index 0
stop
ps7_init
ps7_post_config
targets -set -nocase -filter {name =~ "ARM*#0" && jtag_cable_name =~ "Digilent JTAG-SMT2 210251A08870"} -index 0
rst -processor
targets -set -nocase -filter {name =~ "ARM*#0" && jtag_cable_name =~ "Digilent JTAG-SMT2 210251A08870"} -index 0
dow E:/work/project_AXI_DMA/project_AXI_DMA.sdk/AXI_DMA/Debug/AXI_DMA.elf
configparams force-mem-access 0
----------------End of Script----------------

13:27:32 INFO  : Memory regions updated for context APU
13:27:32 INFO  : Context for processor 'ps7_cortexa9_0' is selected.
13:27:32 INFO  : 'con' command is executed.
13:27:32 INFO  : ----------------XSDB Script (After Launch)----------------
targets -set -nocase -filter {name =~ "ARM*#0" && jtag_cable_name =~ "Digilent JTAG-SMT2 210251A08870"} -index 0
con
----------------End of Script----------------

13:27:32 INFO  : Launch script is exported to file 'E:\work\project_AXI_DMA\project_AXI_DMA.sdk\.sdk\launch_scripts\xilinx_c-c++_application_(system_debugger)\system_debugger_using_debug_axi_dma.elf_on_local.tcl'
