13:42:22 INFO  : Registering command handlers for SDK TCF services
13:42:22 INFO  : Launching XSCT server: xsct.bat -interactive E:\work\project_AXI_DMA\temp_xsdb_launch_script.tcl
13:42:23 INFO  : XSCT server has started successfully.
13:42:24 INFO  : Successfully done setting XSCT server connection channel  
13:42:24 INFO  : Successfully done setting SDK workspace  
13:42:55 ERROR : The Hardware Project referenced by this BSP (AXI_DMA_bsp) was not found in this workspace. As a result, this BSP will not build properly. To fix this error, please import the associated hardware project or recreate a new BSP targeting an existing hardware platform.
13:43:35 INFO  : 'targets -set -filter {jtag_cable_name =~ "Digilent JTAG-SMT2 210251A08870" && level==0} -index 1' command is executed.
13:43:35 INFO  : 'fpga -state' command is executed.
13:43:37 INFO  : Memory regions updated for context APU
13:43:41 INFO  : Connected to target on host '127.0.0.1' and port '3121'.
13:43:41 INFO  : 'targets -set -filter {jtag_cable_name =~ "Digilent JTAG-SMT2 210251A08870" && level==0} -index 1' command is executed.
13:43:43 INFO  : FPGA configured successfully with bitstream "E:/work/project_AXI_DMA/project_AXI_DMA.sdk/system_wrapper_hw_platform_0/system_wrapper.bit"
13:43:49 INFO  : 'targets -set -filter {jtag_cable_name =~ "Digilent JTAG-SMT2 210251A08870" && level==0} -index 1' command is executed.
13:43:49 INFO  : 'fpga -state' command is executed.
13:43:49 INFO  : Connected to target on host '127.0.0.1' and port '3121'.
13:43:49 INFO  : Jtag cable 'Digilent JTAG-SMT2 210251A08870' is selected.
13:43:49 INFO  : 'jtag frequency' command is executed.
13:43:49 INFO  : Sourcing of 'E:/work/project_AXI_DMA/project_AXI_DMA.sdk/system_wrapper_hw_platform_0/ps7_init.tcl' is done.
13:43:49 INFO  : Context for 'APU' is selected.
13:43:49 INFO  : Hardware design information is loaded from 'E:/work/project_AXI_DMA/project_AXI_DMA.sdk/system_wrapper_hw_platform_0/system.hdf'.
13:43:49 INFO  : 'configparams force-mem-access 1' command is executed.
13:43:49 INFO  : Context for 'APU' is selected.
13:43:50 INFO  : 'stop' command is executed.
13:43:50 INFO  : 'ps7_init' command is executed.
13:43:50 INFO  : 'ps7_post_config' command is executed.
13:43:50 INFO  : Context for processor 'ps7_cortexa9_0' is selected.
13:43:50 INFO  : Processor reset is completed for 'ps7_cortexa9_0'.
13:43:50 INFO  : Context for processor 'ps7_cortexa9_0' is selected.
13:43:50 INFO  : The application 'E:/work/project_AXI_DMA/project_AXI_DMA.sdk/AXI_DMA/Debug/AXI_DMA.elf' is downloaded to processor 'ps7_cortexa9_0'.
13:43:50 INFO  : 'configparams force-mem-access 0' command is executed.
13:43:50 INFO  : ----------------XSDB Script----------------
connect -url tcp:127.0.0.1:3121
source E:/work/project_AXI_DMA/project_AXI_DMA.sdk/system_wrapper_hw_platform_0/ps7_init.tcl
targets -set -nocase -filter {name =~"APU*" && jtag_cable_name =~ "Digilent JTAG-SMT2 210251A08870"} -index 0
loadhw -hw E:/work/project_AXI_DMA/project_AXI_DMA.sdk/system_wrapper_hw_platform_0/system.hdf -mem-ranges [list {0x40000000 0xbfffffff}]
configparams force-mem-access 1
targets -set -nocase -filter {name =~"APU*" && jtag_cable_name =~ "Digilent JTAG-SMT2 210251A08870"} -index 0
stop
ps7_init
ps7_post_config
targets -set -nocase -filter {name =~ "ARM*#0" && jtag_cable_name =~ "Digilent JTAG-SMT2 210251A08870"} -index 0
rst -processor
targets -set -nocase -filter {name =~ "ARM*#0" && jtag_cable_name =~ "Digilent JTAG-SMT2 210251A08870"} -index 0
dow E:/work/project_AXI_DMA/project_AXI_DMA.sdk/AXI_DMA/Debug/AXI_DMA.elf
configparams force-mem-access 0
----------------End of Script----------------

13:43:50 INFO  : Memory regions updated for context APU
13:43:50 INFO  : Context for processor 'ps7_cortexa9_0' is selected.
13:43:50 INFO  : 'con' command is executed.
13:43:50 INFO  : ----------------XSDB Script (After Launch)----------------
targets -set -nocase -filter {name =~ "ARM*#0" && jtag_cable_name =~ "Digilent JTAG-SMT2 210251A08870"} -index 0
con
----------------End of Script----------------

13:43:50 INFO  : Launch script is exported to file 'E:\work\project_AXI_DMA\.sdk\launch_scripts\xilinx_c-c++_application_(system_debugger)\system_debugger_using_debug_axi_dma.elf_on_local.tcl'
13:44:45 INFO  : Disconnected from the channel tcfchan#1.
13:44:46 INFO  : 'targets -set -filter {jtag_cable_name =~ "Digilent JTAG-SMT2 210251A08870" && level==0} -index 1' command is executed.
13:44:46 INFO  : 'fpga -state' command is executed.
13:44:46 INFO  : Connected to target on host '127.0.0.1' and port '3121'.
13:44:46 INFO  : Jtag cable 'Digilent JTAG-SMT2 210251A08870' is selected.
13:44:46 INFO  : 'jtag frequency' command is executed.
13:44:46 INFO  : Sourcing of 'E:/work/project_AXI_DMA/project_AXI_DMA.sdk/system_wrapper_hw_platform_0/ps7_init.tcl' is done.
13:44:47 INFO  : Context for 'APU' is selected.
13:44:47 INFO  : Hardware design information is loaded from 'E:/work/project_AXI_DMA/project_AXI_DMA.sdk/system_wrapper_hw_platform_0/system.hdf'.
13:44:47 INFO  : 'configparams force-mem-access 1' command is executed.
13:44:47 INFO  : Context for 'APU' is selected.
13:44:47 INFO  : 'stop' command is executed.
13:44:48 INFO  : 'ps7_init' command is executed.
13:44:48 INFO  : 'ps7_post_config' command is executed.
13:44:48 INFO  : Context for processor 'ps7_cortexa9_0' is selected.
13:44:48 INFO  : Processor reset is completed for 'ps7_cortexa9_0'.
13:44:48 INFO  : Context for processor 'ps7_cortexa9_0' is selected.
13:44:48 INFO  : The application 'E:/work/project_AXI_DMA/project_AXI_DMA.sdk/AXI_DMA/Debug/AXI_DMA.elf' is downloaded to processor 'ps7_cortexa9_0'.
13:44:48 INFO  : 'configparams force-mem-access 0' command is executed.
13:44:48 INFO  : ----------------XSDB Script----------------
connect -url tcp:127.0.0.1:3121
source E:/work/project_AXI_DMA/project_AXI_DMA.sdk/system_wrapper_hw_platform_0/ps7_init.tcl
targets -set -nocase -filter {name =~"APU*" && jtag_cable_name =~ "Digilent JTAG-SMT2 210251A08870"} -index 0
loadhw -hw E:/work/project_AXI_DMA/project_AXI_DMA.sdk/system_wrapper_hw_platform_0/system.hdf -mem-ranges [list {0x40000000 0xbfffffff}]
configparams force-mem-access 1
targets -set -nocase -filter {name =~"APU*" && jtag_cable_name =~ "Digilent JTAG-SMT2 210251A08870"} -index 0
stop
ps7_init
ps7_post_config
targets -set -nocase -filter {name =~ "ARM*#0" && jtag_cable_name =~ "Digilent JTAG-SMT2 210251A08870"} -index 0
rst -processor
targets -set -nocase -filter {name =~ "ARM*#0" && jtag_cable_name =~ "Digilent JTAG-SMT2 210251A08870"} -index 0
dow E:/work/project_AXI_DMA/project_AXI_DMA.sdk/AXI_DMA/Debug/AXI_DMA.elf
configparams force-mem-access 0
----------------End of Script----------------

13:44:48 INFO  : Memory regions updated for context APU
13:44:48 INFO  : Context for processor 'ps7_cortexa9_0' is selected.
13:44:48 INFO  : 'con' command is executed.
13:44:48 INFO  : ----------------XSDB Script (After Launch)----------------
targets -set -nocase -filter {name =~ "ARM*#0" && jtag_cable_name =~ "Digilent JTAG-SMT2 210251A08870"} -index 0
con
----------------End of Script----------------

13:44:48 INFO  : Launch script is exported to file 'E:\work\project_AXI_DMA\.sdk\launch_scripts\xilinx_c-c++_application_(system_debugger)\system_debugger_using_debug_axi_dma.elf_on_local.tcl'
13:47:47 INFO  : Disconnected from the channel tcfchan#2.
13:47:48 INFO  : 'targets -set -filter {jtag_cable_name =~ "Digilent JTAG-SMT2 210251A08870" && level==0} -index 1' command is executed.
13:47:48 INFO  : 'fpga -state' command is executed.
13:47:48 INFO  : Connected to target on host '127.0.0.1' and port '3121'.
13:47:48 INFO  : Jtag cable 'Digilent JTAG-SMT2 210251A08870' is selected.
13:47:48 INFO  : 'jtag frequency' command is executed.
13:47:48 INFO  : Sourcing of 'E:/work/project_AXI_DMA/project_AXI_DMA.sdk/system_wrapper_hw_platform_0/ps7_init.tcl' is done.
13:47:48 INFO  : Context for 'APU' is selected.
13:47:49 INFO  : Hardware design information is loaded from 'E:/work/project_AXI_DMA/project_AXI_DMA.sdk/system_wrapper_hw_platform_0/system.hdf'.
13:47:49 INFO  : 'configparams force-mem-access 1' command is executed.
13:47:49 INFO  : Context for 'APU' is selected.
13:47:49 INFO  : 'stop' command is executed.
13:47:49 INFO  : 'ps7_init' command is executed.
13:47:49 INFO  : 'ps7_post_config' command is executed.
13:47:49 INFO  : Context for processor 'ps7_cortexa9_0' is selected.
13:47:49 INFO  : Processor reset is completed for 'ps7_cortexa9_0'.
13:47:49 INFO  : Context for processor 'ps7_cortexa9_0' is selected.
13:47:49 INFO  : The application 'E:/work/project_AXI_DMA/project_AXI_DMA.sdk/AXI_DMA/Debug/AXI_DMA.elf' is downloaded to processor 'ps7_cortexa9_0'.
13:47:49 INFO  : 'configparams force-mem-access 0' command is executed.
13:47:49 INFO  : ----------------XSDB Script----------------
connect -url tcp:127.0.0.1:3121
source E:/work/project_AXI_DMA/project_AXI_DMA.sdk/system_wrapper_hw_platform_0/ps7_init.tcl
targets -set -nocase -filter {name =~"APU*" && jtag_cable_name =~ "Digilent JTAG-SMT2 210251A08870"} -index 0
loadhw -hw E:/work/project_AXI_DMA/project_AXI_DMA.sdk/system_wrapper_hw_platform_0/system.hdf -mem-ranges [list {0x40000000 0xbfffffff}]
configparams force-mem-access 1
targets -set -nocase -filter {name =~"APU*" && jtag_cable_name =~ "Digilent JTAG-SMT2 210251A08870"} -index 0
stop
ps7_init
ps7_post_config
targets -set -nocase -filter {name =~ "ARM*#0" && jtag_cable_name =~ "Digilent JTAG-SMT2 210251A08870"} -index 0
rst -processor
targets -set -nocase -filter {name =~ "ARM*#0" && jtag_cable_name =~ "Digilent JTAG-SMT2 210251A08870"} -index 0
dow E:/work/project_AXI_DMA/project_AXI_DMA.sdk/AXI_DMA/Debug/AXI_DMA.elf
configparams force-mem-access 0
----------------End of Script----------------

13:47:49 INFO  : Memory regions updated for context APU
13:47:49 INFO  : Context for processor 'ps7_cortexa9_0' is selected.
13:47:50 INFO  : 'con' command is executed.
13:47:50 INFO  : ----------------XSDB Script (After Launch)----------------
targets -set -nocase -filter {name =~ "ARM*#0" && jtag_cable_name =~ "Digilent JTAG-SMT2 210251A08870"} -index 0
con
----------------End of Script----------------

13:47:50 INFO  : Launch script is exported to file 'E:\work\project_AXI_DMA\.sdk\launch_scripts\xilinx_c-c++_application_(system_debugger)\system_debugger_using_debug_axi_dma.elf_on_local.tcl'
13:48:00 INFO  : Disconnected from the channel tcfchan#3.
13:48:01 INFO  : 'targets -set -filter {jtag_cable_name =~ "Digilent JTAG-SMT2 210251A08870" && level==0} -index 1' command is executed.
13:48:01 INFO  : 'fpga -state' command is executed.
13:48:01 INFO  : Connected to target on host '127.0.0.1' and port '3121'.
13:48:01 INFO  : Jtag cable 'Digilent JTAG-SMT2 210251A08870' is selected.
13:48:01 INFO  : 'jtag frequency' command is executed.
13:48:01 INFO  : Sourcing of 'E:/work/project_AXI_DMA/project_AXI_DMA.sdk/system_wrapper_hw_platform_0/ps7_init.tcl' is done.
13:48:01 INFO  : Context for 'APU' is selected.
13:48:02 INFO  : Hardware design information is loaded from 'E:/work/project_AXI_DMA/project_AXI_DMA.sdk/system_wrapper_hw_platform_0/system.hdf'.
13:48:02 INFO  : 'configparams force-mem-access 1' command is executed.
13:48:02 INFO  : Context for 'APU' is selected.
13:48:02 INFO  : 'stop' command is executed.
13:48:02 INFO  : 'ps7_init' command is executed.
13:48:02 INFO  : 'ps7_post_config' command is executed.
13:48:02 INFO  : Context for processor 'ps7_cortexa9_0' is selected.
13:48:02 INFO  : Processor reset is completed for 'ps7_cortexa9_0'.
13:48:02 INFO  : Context for processor 'ps7_cortexa9_0' is selected.
13:48:03 INFO  : The application 'E:/work/project_AXI_DMA/project_AXI_DMA.sdk/AXI_DMA/Debug/AXI_DMA.elf' is downloaded to processor 'ps7_cortexa9_0'.
13:48:03 INFO  : 'configparams force-mem-access 0' command is executed.
13:48:03 INFO  : ----------------XSDB Script----------------
connect -url tcp:127.0.0.1:3121
source E:/work/project_AXI_DMA/project_AXI_DMA.sdk/system_wrapper_hw_platform_0/ps7_init.tcl
targets -set -nocase -filter {name =~"APU*" && jtag_cable_name =~ "Digilent JTAG-SMT2 210251A08870"} -index 0
loadhw -hw E:/work/project_AXI_DMA/project_AXI_DMA.sdk/system_wrapper_hw_platform_0/system.hdf -mem-ranges [list {0x40000000 0xbfffffff}]
configparams force-mem-access 1
targets -set -nocase -filter {name =~"APU*" && jtag_cable_name =~ "Digilent JTAG-SMT2 210251A08870"} -index 0
stop
ps7_init
ps7_post_config
targets -set -nocase -filter {name =~ "ARM*#0" && jtag_cable_name =~ "Digilent JTAG-SMT2 210251A08870"} -index 0
rst -processor
targets -set -nocase -filter {name =~ "ARM*#0" && jtag_cable_name =~ "Digilent JTAG-SMT2 210251A08870"} -index 0
dow E:/work/project_AXI_DMA/project_AXI_DMA.sdk/AXI_DMA/Debug/AXI_DMA.elf
configparams force-mem-access 0
----------------End of Script----------------

13:48:03 INFO  : Memory regions updated for context APU
13:48:03 INFO  : Context for processor 'ps7_cortexa9_0' is selected.
13:48:03 INFO  : 'con' command is executed.
13:48:03 INFO  : ----------------XSDB Script (After Launch)----------------
targets -set -nocase -filter {name =~ "ARM*#0" && jtag_cable_name =~ "Digilent JTAG-SMT2 210251A08870"} -index 0
con
----------------End of Script----------------

13:48:03 INFO  : Launch script is exported to file 'E:\work\project_AXI_DMA\.sdk\launch_scripts\xilinx_c-c++_application_(system_debugger)\system_debugger_using_debug_axi_dma.elf_on_local.tcl'
13:48:30 INFO  : Disconnected from the channel tcfchan#4.
13:48:31 INFO  : 'targets -set -filter {jtag_cable_name =~ "Digilent JTAG-SMT2 210251A08870" && level==0} -index 1' command is executed.
13:48:31 INFO  : 'fpga -state' command is executed.
13:48:31 INFO  : Connected to target on host '127.0.0.1' and port '3121'.
13:48:31 INFO  : Jtag cable 'Digilent JTAG-SMT2 210251A08870' is selected.
13:48:31 INFO  : 'jtag frequency' command is executed.
13:48:31 INFO  : Sourcing of 'E:/work/project_AXI_DMA/project_AXI_DMA.sdk/system_wrapper_hw_platform_0/ps7_init.tcl' is done.
13:48:31 INFO  : Context for 'APU' is selected.
13:48:32 INFO  : Hardware design information is loaded from 'E:/work/project_AXI_DMA/project_AXI_DMA.sdk/system_wrapper_hw_platform_0/system.hdf'.
13:48:32 INFO  : 'configparams force-mem-access 1' command is executed.
13:48:32 INFO  : Context for 'APU' is selected.
13:48:32 INFO  : 'stop' command is executed.
13:48:32 INFO  : 'ps7_init' command is executed.
13:48:32 INFO  : 'ps7_post_config' command is executed.
13:48:32 INFO  : Context for processor 'ps7_cortexa9_0' is selected.
13:48:32 INFO  : Processor reset is completed for 'ps7_cortexa9_0'.
13:48:32 INFO  : Context for processor 'ps7_cortexa9_0' is selected.
13:48:32 INFO  : The application 'E:/work/project_AXI_DMA/project_AXI_DMA.sdk/AXI_DMA/Debug/AXI_DMA.elf' is downloaded to processor 'ps7_cortexa9_0'.
13:48:32 INFO  : 'configparams force-mem-access 0' command is executed.
13:48:32 INFO  : ----------------XSDB Script----------------
connect -url tcp:127.0.0.1:3121
source E:/work/project_AXI_DMA/project_AXI_DMA.sdk/system_wrapper_hw_platform_0/ps7_init.tcl
targets -set -nocase -filter {name =~"APU*" && jtag_cable_name =~ "Digilent JTAG-SMT2 210251A08870"} -index 0
loadhw -hw E:/work/project_AXI_DMA/project_AXI_DMA.sdk/system_wrapper_hw_platform_0/system.hdf -mem-ranges [list {0x40000000 0xbfffffff}]
configparams force-mem-access 1
targets -set -nocase -filter {name =~"APU*" && jtag_cable_name =~ "Digilent JTAG-SMT2 210251A08870"} -index 0
stop
ps7_init
ps7_post_config
targets -set -nocase -filter {name =~ "ARM*#0" && jtag_cable_name =~ "Digilent JTAG-SMT2 210251A08870"} -index 0
rst -processor
targets -set -nocase -filter {name =~ "ARM*#0" && jtag_cable_name =~ "Digilent JTAG-SMT2 210251A08870"} -index 0
dow E:/work/project_AXI_DMA/project_AXI_DMA.sdk/AXI_DMA/Debug/AXI_DMA.elf
configparams force-mem-access 0
----------------End of Script----------------

13:48:32 INFO  : Memory regions updated for context APU
13:48:32 INFO  : Context for processor 'ps7_cortexa9_0' is selected.
13:48:32 INFO  : 'con' command is executed.
13:48:32 INFO  : ----------------XSDB Script (After Launch)----------------
targets -set -nocase -filter {name =~ "ARM*#0" && jtag_cable_name =~ "Digilent JTAG-SMT2 210251A08870"} -index 0
con
----------------End of Script----------------

13:48:32 INFO  : Launch script is exported to file 'E:\work\project_AXI_DMA\.sdk\launch_scripts\xilinx_c-c++_application_(system_debugger)\system_debugger_using_debug_axi_dma.elf_on_local.tcl'
13:54:09 INFO  : Disconnected from the channel tcfchan#5.
13:54:10 INFO  : 'targets -set -filter {jtag_cable_name =~ "Digilent JTAG-SMT2 210251A08870" && level==0} -index 1' command is executed.
13:54:10 INFO  : 'fpga -state' command is executed.
13:54:10 INFO  : Connected to target on host '127.0.0.1' and port '3121'.
13:54:10 INFO  : Jtag cable 'Digilent JTAG-SMT2 210251A08870' is selected.
13:54:10 INFO  : 'jtag frequency' command is executed.
13:54:10 INFO  : Sourcing of 'E:/work/project_AXI_DMA/project_AXI_DMA.sdk/system_wrapper_hw_platform_0/ps7_init.tcl' is done.
13:54:10 INFO  : Context for 'APU' is selected.
13:54:11 INFO  : Hardware design information is loaded from 'E:/work/project_AXI_DMA/project_AXI_DMA.sdk/system_wrapper_hw_platform_0/system.hdf'.
13:54:11 INFO  : 'configparams force-mem-access 1' command is executed.
13:54:11 INFO  : Context for 'APU' is selected.
13:54:11 INFO  : 'stop' command is executed.
13:54:11 INFO  : 'ps7_init' command is executed.
13:54:11 INFO  : 'ps7_post_config' command is executed.
13:54:11 INFO  : Context for processor 'ps7_cortexa9_0' is selected.
13:54:11 INFO  : Processor reset is completed for 'ps7_cortexa9_0'.
13:54:11 INFO  : Context for processor 'ps7_cortexa9_0' is selected.
13:54:11 INFO  : The application 'E:/work/project_AXI_DMA/project_AXI_DMA.sdk/AXI_DMA/Debug/AXI_DMA.elf' is downloaded to processor 'ps7_cortexa9_0'.
13:54:11 INFO  : 'configparams force-mem-access 0' command is executed.
13:54:11 INFO  : ----------------XSDB Script----------------
connect -url tcp:127.0.0.1:3121
source E:/work/project_AXI_DMA/project_AXI_DMA.sdk/system_wrapper_hw_platform_0/ps7_init.tcl
targets -set -nocase -filter {name =~"APU*" && jtag_cable_name =~ "Digilent JTAG-SMT2 210251A08870"} -index 0
loadhw -hw E:/work/project_AXI_DMA/project_AXI_DMA.sdk/system_wrapper_hw_platform_0/system.hdf -mem-ranges [list {0x40000000 0xbfffffff}]
configparams force-mem-access 1
targets -set -nocase -filter {name =~"APU*" && jtag_cable_name =~ "Digilent JTAG-SMT2 210251A08870"} -index 0
stop
ps7_init
ps7_post_config
targets -set -nocase -filter {name =~ "ARM*#0" && jtag_cable_name =~ "Digilent JTAG-SMT2 210251A08870"} -index 0
rst -processor
targets -set -nocase -filter {name =~ "ARM*#0" && jtag_cable_name =~ "Digilent JTAG-SMT2 210251A08870"} -index 0
dow E:/work/project_AXI_DMA/project_AXI_DMA.sdk/AXI_DMA/Debug/AXI_DMA.elf
configparams force-mem-access 0
----------------End of Script----------------

13:54:11 INFO  : Memory regions updated for context APU
13:54:11 INFO  : Context for processor 'ps7_cortexa9_0' is selected.
13:54:11 INFO  : 'con' command is executed.
13:54:11 INFO  : ----------------XSDB Script (After Launch)----------------
targets -set -nocase -filter {name =~ "ARM*#0" && jtag_cable_name =~ "Digilent JTAG-SMT2 210251A08870"} -index 0
con
----------------End of Script----------------

13:54:11 INFO  : Launch script is exported to file 'E:\work\project_AXI_DMA\.sdk\launch_scripts\xilinx_c-c++_application_(system_debugger)\system_debugger_using_debug_axi_dma.elf_on_local.tcl'
13:56:27 INFO  : Disconnected from the channel tcfchan#6.
13:56:28 INFO  : 'targets -set -filter {jtag_cable_name =~ "Digilent JTAG-SMT2 210251A08870" && level==0} -index 1' command is executed.
13:56:28 INFO  : 'fpga -state' command is executed.
13:56:28 INFO  : Connected to target on host '127.0.0.1' and port '3121'.
13:56:28 INFO  : Jtag cable 'Digilent JTAG-SMT2 210251A08870' is selected.
13:56:28 INFO  : 'jtag frequency' command is executed.
13:56:28 INFO  : Sourcing of 'E:/work/project_AXI_DMA/project_AXI_DMA.sdk/system_wrapper_hw_platform_0/ps7_init.tcl' is done.
13:56:28 INFO  : Context for 'APU' is selected.
13:56:29 INFO  : Hardware design information is loaded from 'E:/work/project_AXI_DMA/project_AXI_DMA.sdk/system_wrapper_hw_platform_0/system.hdf'.
13:56:29 INFO  : 'configparams force-mem-access 1' command is executed.
13:56:29 INFO  : Context for 'APU' is selected.
13:56:29 INFO  : 'stop' command is executed.
13:56:29 INFO  : 'ps7_init' command is executed.
13:56:29 INFO  : 'ps7_post_config' command is executed.
13:56:29 INFO  : Context for processor 'ps7_cortexa9_0' is selected.
13:56:29 INFO  : Processor reset is completed for 'ps7_cortexa9_0'.
13:56:29 INFO  : Context for processor 'ps7_cortexa9_0' is selected.
13:56:30 INFO  : The application 'E:/work/project_AXI_DMA/project_AXI_DMA.sdk/AXI_DMA/Debug/AXI_DMA.elf' is downloaded to processor 'ps7_cortexa9_0'.
13:56:30 INFO  : 'configparams force-mem-access 0' command is executed.
13:56:30 INFO  : ----------------XSDB Script----------------
connect -url tcp:127.0.0.1:3121
source E:/work/project_AXI_DMA/project_AXI_DMA.sdk/system_wrapper_hw_platform_0/ps7_init.tcl
targets -set -nocase -filter {name =~"APU*" && jtag_cable_name =~ "Digilent JTAG-SMT2 210251A08870"} -index 0
loadhw -hw E:/work/project_AXI_DMA/project_AXI_DMA.sdk/system_wrapper_hw_platform_0/system.hdf -mem-ranges [list {0x40000000 0xbfffffff}]
configparams force-mem-access 1
targets -set -nocase -filter {name =~"APU*" && jtag_cable_name =~ "Digilent JTAG-SMT2 210251A08870"} -index 0
stop
ps7_init
ps7_post_config
targets -set -nocase -filter {name =~ "ARM*#0" && jtag_cable_name =~ "Digilent JTAG-SMT2 210251A08870"} -index 0
rst -processor
targets -set -nocase -filter {name =~ "ARM*#0" && jtag_cable_name =~ "Digilent JTAG-SMT2 210251A08870"} -index 0
dow E:/work/project_AXI_DMA/project_AXI_DMA.sdk/AXI_DMA/Debug/AXI_DMA.elf
configparams force-mem-access 0
----------------End of Script----------------

13:56:30 INFO  : Memory regions updated for context APU
13:56:30 INFO  : Context for processor 'ps7_cortexa9_0' is selected.
13:56:30 INFO  : 'con' command is executed.
13:56:30 INFO  : ----------------XSDB Script (After Launch)----------------
targets -set -nocase -filter {name =~ "ARM*#0" && jtag_cable_name =~ "Digilent JTAG-SMT2 210251A08870"} -index 0
con
----------------End of Script----------------

13:56:30 INFO  : Launch script is exported to file 'E:\work\project_AXI_DMA\.sdk\launch_scripts\xilinx_c-c++_application_(system_debugger)\system_debugger_using_debug_axi_dma.elf_on_local.tcl'
13:56:59 INFO  : Disconnected from the channel tcfchan#7.
13:57:00 INFO  : 'targets -set -filter {jtag_cable_name =~ "Digilent JTAG-SMT2 210251A08870" && level==0} -index 1' command is executed.
13:57:00 INFO  : 'fpga -state' command is executed.
13:57:00 INFO  : Connected to target on host '127.0.0.1' and port '3121'.
13:57:00 INFO  : Jtag cable 'Digilent JTAG-SMT2 210251A08870' is selected.
13:57:00 INFO  : 'jtag frequency' command is executed.
13:57:00 INFO  : Sourcing of 'E:/work/project_AXI_DMA/project_AXI_DMA.sdk/system_wrapper_hw_platform_0/ps7_init.tcl' is done.
13:57:00 INFO  : Context for 'APU' is selected.
13:57:01 INFO  : Hardware design information is loaded from 'E:/work/project_AXI_DMA/project_AXI_DMA.sdk/system_wrapper_hw_platform_0/system.hdf'.
13:57:01 INFO  : 'configparams force-mem-access 1' command is executed.
13:57:01 INFO  : Context for 'APU' is selected.
13:57:01 INFO  : 'stop' command is executed.
13:57:01 INFO  : 'ps7_init' command is executed.
13:57:01 INFO  : 'ps7_post_config' command is executed.
13:57:01 INFO  : Context for processor 'ps7_cortexa9_0' is selected.
13:57:01 INFO  : Processor reset is completed for 'ps7_cortexa9_0'.
13:57:01 INFO  : Context for processor 'ps7_cortexa9_0' is selected.
13:57:02 INFO  : The application 'E:/work/project_AXI_DMA/project_AXI_DMA.sdk/AXI_DMA/Debug/AXI_DMA.elf' is downloaded to processor 'ps7_cortexa9_0'.
13:57:02 INFO  : 'configparams force-mem-access 0' command is executed.
13:57:02 INFO  : ----------------XSDB Script----------------
connect -url tcp:127.0.0.1:3121
source E:/work/project_AXI_DMA/project_AXI_DMA.sdk/system_wrapper_hw_platform_0/ps7_init.tcl
targets -set -nocase -filter {name =~"APU*" && jtag_cable_name =~ "Digilent JTAG-SMT2 210251A08870"} -index 0
loadhw -hw E:/work/project_AXI_DMA/project_AXI_DMA.sdk/system_wrapper_hw_platform_0/system.hdf -mem-ranges [list {0x40000000 0xbfffffff}]
configparams force-mem-access 1
targets -set -nocase -filter {name =~"APU*" && jtag_cable_name =~ "Digilent JTAG-SMT2 210251A08870"} -index 0
stop
ps7_init
ps7_post_config
targets -set -nocase -filter {name =~ "ARM*#0" && jtag_cable_name =~ "Digilent JTAG-SMT2 210251A08870"} -index 0
rst -processor
targets -set -nocase -filter {name =~ "ARM*#0" && jtag_cable_name =~ "Digilent JTAG-SMT2 210251A08870"} -index 0
dow E:/work/project_AXI_DMA/project_AXI_DMA.sdk/AXI_DMA/Debug/AXI_DMA.elf
configparams force-mem-access 0
----------------End of Script----------------

13:57:02 INFO  : Memory regions updated for context APU
13:57:02 INFO  : Context for processor 'ps7_cortexa9_0' is selected.
13:57:02 INFO  : 'con' command is executed.
13:57:02 INFO  : ----------------XSDB Script (After Launch)----------------
targets -set -nocase -filter {name =~ "ARM*#0" && jtag_cable_name =~ "Digilent JTAG-SMT2 210251A08870"} -index 0
con
----------------End of Script----------------

13:57:02 INFO  : Launch script is exported to file 'E:\work\project_AXI_DMA\.sdk\launch_scripts\xilinx_c-c++_application_(system_debugger)\system_debugger_using_debug_axi_dma.elf_on_local.tcl'
13:57:35 INFO  : Disconnected from the channel tcfchan#8.
13:57:36 INFO  : 'targets -set -filter {jtag_cable_name =~ "Digilent JTAG-SMT2 210251A08870" && level==0} -index 1' command is executed.
13:57:36 INFO  : 'fpga -state' command is executed.
13:57:36 INFO  : Connected to target on host '127.0.0.1' and port '3121'.
13:57:36 INFO  : Jtag cable 'Digilent JTAG-SMT2 210251A08870' is selected.
13:57:36 INFO  : 'jtag frequency' command is executed.
13:57:36 INFO  : Sourcing of 'E:/work/project_AXI_DMA/project_AXI_DMA.sdk/system_wrapper_hw_platform_0/ps7_init.tcl' is done.
13:57:36 INFO  : Context for 'APU' is selected.
13:57:37 INFO  : Hardware design information is loaded from 'E:/work/project_AXI_DMA/project_AXI_DMA.sdk/system_wrapper_hw_platform_0/system.hdf'.
13:57:37 INFO  : 'configparams force-mem-access 1' command is executed.
13:57:37 INFO  : Context for 'APU' is selected.
13:57:37 INFO  : 'stop' command is executed.
13:57:38 INFO  : 'ps7_init' command is executed.
13:57:38 INFO  : 'ps7_post_config' command is executed.
13:57:38 INFO  : Context for processor 'ps7_cortexa9_0' is selected.
13:57:38 INFO  : Processor reset is completed for 'ps7_cortexa9_0'.
13:57:38 INFO  : Context for processor 'ps7_cortexa9_0' is selected.
13:57:38 INFO  : The application 'E:/work/project_AXI_DMA/project_AXI_DMA.sdk/AXI_DMA/Debug/AXI_DMA.elf' is downloaded to processor 'ps7_cortexa9_0'.
13:57:38 INFO  : 'configparams force-mem-access 0' command is executed.
13:57:38 INFO  : ----------------XSDB Script----------------
connect -url tcp:127.0.0.1:3121
source E:/work/project_AXI_DMA/project_AXI_DMA.sdk/system_wrapper_hw_platform_0/ps7_init.tcl
targets -set -nocase -filter {name =~"APU*" && jtag_cable_name =~ "Digilent JTAG-SMT2 210251A08870"} -index 0
loadhw -hw E:/work/project_AXI_DMA/project_AXI_DMA.sdk/system_wrapper_hw_platform_0/system.hdf -mem-ranges [list {0x40000000 0xbfffffff}]
configparams force-mem-access 1
targets -set -nocase -filter {name =~"APU*" && jtag_cable_name =~ "Digilent JTAG-SMT2 210251A08870"} -index 0
stop
ps7_init
ps7_post_config
targets -set -nocase -filter {name =~ "ARM*#0" && jtag_cable_name =~ "Digilent JTAG-SMT2 210251A08870"} -index 0
rst -processor
targets -set -nocase -filter {name =~ "ARM*#0" && jtag_cable_name =~ "Digilent JTAG-SMT2 210251A08870"} -index 0
dow E:/work/project_AXI_DMA/project_AXI_DMA.sdk/AXI_DMA/Debug/AXI_DMA.elf
configparams force-mem-access 0
----------------End of Script----------------

13:57:38 INFO  : Memory regions updated for context APU
13:57:38 INFO  : Context for processor 'ps7_cortexa9_0' is selected.
13:57:38 INFO  : 'con' command is executed.
13:57:38 INFO  : ----------------XSDB Script (After Launch)----------------
targets -set -nocase -filter {name =~ "ARM*#0" && jtag_cable_name =~ "Digilent JTAG-SMT2 210251A08870"} -index 0
con
----------------End of Script----------------

13:57:38 INFO  : Launch script is exported to file 'E:\work\project_AXI_DMA\.sdk\launch_scripts\xilinx_c-c++_application_(system_debugger)\system_debugger_using_debug_axi_dma.elf_on_local.tcl'
13:58:47 INFO  : Disconnected from the channel tcfchan#9.
14:56:42 INFO  : Registering command handlers for SDK TCF services
14:56:42 INFO  : Launching XSCT server: xsct.bat -interactive E:\work\project_AXI_DMA\temp_xsdb_launch_script.tcl
14:56:44 INFO  : XSCT server has started successfully.
14:56:46 INFO  : Successfully done setting XSCT server connection channel  
14:56:46 INFO  : Successfully done setting SDK workspace  
14:57:05 INFO  : Connected to target on host '127.0.0.1' and port '3121'.
14:57:05 INFO  : 'targets -set -filter {jtag_cable_name =~ "Digilent JTAG-SMT2 210251A08870" && level==0} -index 1' command is executed.
14:57:08 INFO  : FPGA configured successfully with bitstream "E:/work/project_AXI_DMA/project_AXI_DMA.sdk/system_wrapper_hw_platform_0/system_wrapper.bit"
14:57:53 INFO  : 'targets -set -filter {jtag_cable_name =~ "Digilent JTAG-SMT2 210251A08870" && level==0} -index 1' command is executed.
14:57:53 INFO  : 'fpga -state' command is executed.
14:57:53 INFO  : Connected to target on host '127.0.0.1' and port '3121'.
14:57:53 INFO  : Jtag cable 'Digilent JTAG-SMT2 210251A08870' is selected.
14:57:53 INFO  : 'jtag frequency' command is executed.
14:57:53 INFO  : Sourcing of 'E:/work/project_AXI_DMA/project_AXI_DMA.sdk/system_wrapper_hw_platform_0/ps7_init.tcl' is done.
14:57:53 INFO  : Context for 'APU' is selected.
14:57:54 INFO  : Hardware design information is loaded from 'E:/work/project_AXI_DMA/project_AXI_DMA.sdk/system_wrapper_hw_platform_0/system.hdf'.
14:57:54 INFO  : 'configparams force-mem-access 1' command is executed.
14:57:54 INFO  : Context for 'APU' is selected.
14:57:54 INFO  : 'stop' command is executed.
14:57:54 INFO  : 'ps7_init' command is executed.
14:57:54 INFO  : 'ps7_post_config' command is executed.
14:57:54 INFO  : Context for processor 'ps7_cortexa9_0' is selected.
14:57:54 INFO  : Processor reset is completed for 'ps7_cortexa9_0'.
14:57:54 INFO  : Context for processor 'ps7_cortexa9_0' is selected.
14:57:54 INFO  : The application 'E:/work/project_AXI_DMA/project_AXI_DMA.sdk/AXI_DMA/Debug/AXI_DMA.elf' is downloaded to processor 'ps7_cortexa9_0'.
14:57:54 INFO  : 'configparams force-mem-access 0' command is executed.
14:57:54 INFO  : ----------------XSDB Script----------------
connect -url tcp:127.0.0.1:3121
source E:/work/project_AXI_DMA/project_AXI_DMA.sdk/system_wrapper_hw_platform_0/ps7_init.tcl
targets -set -nocase -filter {name =~"APU*" && jtag_cable_name =~ "Digilent JTAG-SMT2 210251A08870"} -index 0
loadhw -hw E:/work/project_AXI_DMA/project_AXI_DMA.sdk/system_wrapper_hw_platform_0/system.hdf -mem-ranges [list {0x40000000 0xbfffffff}]
configparams force-mem-access 1
targets -set -nocase -filter {name =~"APU*" && jtag_cable_name =~ "Digilent JTAG-SMT2 210251A08870"} -index 0
stop
ps7_init
ps7_post_config
targets -set -nocase -filter {name =~ "ARM*#0" && jtag_cable_name =~ "Digilent JTAG-SMT2 210251A08870"} -index 0
rst -processor
targets -set -nocase -filter {name =~ "ARM*#0" && jtag_cable_name =~ "Digilent JTAG-SMT2 210251A08870"} -index 0
dow E:/work/project_AXI_DMA/project_AXI_DMA.sdk/AXI_DMA/Debug/AXI_DMA.elf
configparams force-mem-access 0
----------------End of Script----------------

14:57:54 INFO  : Memory regions updated for context APU
14:57:54 INFO  : Context for processor 'ps7_cortexa9_0' is selected.
14:57:54 INFO  : 'con' command is executed.
14:57:54 INFO  : ----------------XSDB Script (After Launch)----------------
targets -set -nocase -filter {name =~ "ARM*#0" && jtag_cable_name =~ "Digilent JTAG-SMT2 210251A08870"} -index 0
con
----------------End of Script----------------

14:57:54 INFO  : Launch script is exported to file 'E:\work\project_AXI_DMA\.sdk\launch_scripts\xilinx_c-c++_application_(system_debugger)\system_debugger_using_debug_axi_dma.elf_on_local.tcl'
14:57:57 INFO  : Disconnected from the channel tcfchan#1.
14:57:58 INFO  : 'targets -set -filter {jtag_cable_name =~ "Digilent JTAG-SMT2 210251A08870" && level==0} -index 1' command is executed.
14:57:58 INFO  : 'fpga -state' command is executed.
14:57:58 INFO  : Connected to target on host '127.0.0.1' and port '3121'.
14:57:58 INFO  : Jtag cable 'Digilent JTAG-SMT2 210251A08870' is selected.
14:57:58 INFO  : 'jtag frequency' command is executed.
14:57:58 INFO  : Sourcing of 'E:/work/project_AXI_DMA/project_AXI_DMA.sdk/system_wrapper_hw_platform_0/ps7_init.tcl' is done.
14:57:58 INFO  : Context for 'APU' is selected.
14:57:59 INFO  : Hardware design information is loaded from 'E:/work/project_AXI_DMA/project_AXI_DMA.sdk/system_wrapper_hw_platform_0/system.hdf'.
14:57:59 INFO  : 'configparams force-mem-access 1' command is executed.
14:57:59 INFO  : Context for 'APU' is selected.
14:57:59 INFO  : 'stop' command is executed.
14:57:59 INFO  : 'ps7_init' command is executed.
14:57:59 INFO  : 'ps7_post_config' command is executed.
14:57:59 INFO  : Context for processor 'ps7_cortexa9_0' is selected.
14:57:59 INFO  : Processor reset is completed for 'ps7_cortexa9_0'.
14:57:59 INFO  : Context for processor 'ps7_cortexa9_0' is selected.
14:57:59 INFO  : The application 'E:/work/project_AXI_DMA/project_AXI_DMA.sdk/AXI_DMA/Debug/AXI_DMA.elf' is downloaded to processor 'ps7_cortexa9_0'.
14:57:59 INFO  : 'configparams force-mem-access 0' command is executed.
14:57:59 INFO  : ----------------XSDB Script----------------
connect -url tcp:127.0.0.1:3121
source E:/work/project_AXI_DMA/project_AXI_DMA.sdk/system_wrapper_hw_platform_0/ps7_init.tcl
targets -set -nocase -filter {name =~"APU*" && jtag_cable_name =~ "Digilent JTAG-SMT2 210251A08870"} -index 0
loadhw -hw E:/work/project_AXI_DMA/project_AXI_DMA.sdk/system_wrapper_hw_platform_0/system.hdf -mem-ranges [list {0x40000000 0xbfffffff}]
configparams force-mem-access 1
targets -set -nocase -filter {name =~"APU*" && jtag_cable_name =~ "Digilent JTAG-SMT2 210251A08870"} -index 0
stop
ps7_init
ps7_post_config
targets -set -nocase -filter {name =~ "ARM*#0" && jtag_cable_name =~ "Digilent JTAG-SMT2 210251A08870"} -index 0
rst -processor
targets -set -nocase -filter {name =~ "ARM*#0" && jtag_cable_name =~ "Digilent JTAG-SMT2 210251A08870"} -index 0
dow E:/work/project_AXI_DMA/project_AXI_DMA.sdk/AXI_DMA/Debug/AXI_DMA.elf
configparams force-mem-access 0
----------------End of Script----------------

14:57:59 INFO  : Memory regions updated for context APU
14:58:00 INFO  : Context for processor 'ps7_cortexa9_0' is selected.
14:58:00 INFO  : 'con' command is executed.
14:58:00 INFO  : ----------------XSDB Script (After Launch)----------------
targets -set -nocase -filter {name =~ "ARM*#0" && jtag_cable_name =~ "Digilent JTAG-SMT2 210251A08870"} -index 0
con
----------------End of Script----------------

14:58:00 INFO  : Launch script is exported to file 'E:\work\project_AXI_DMA\.sdk\launch_scripts\xilinx_c-c++_application_(system_debugger)\system_debugger_using_debug_axi_dma.elf_on_local.tcl'
15:01:07 INFO  : Disconnected from the channel tcfchan#2.
15:01:08 INFO  : 'targets -set -filter {jtag_cable_name =~ "Digilent JTAG-SMT2 210251A08870" && level==0} -index 1' command is executed.
15:01:08 INFO  : 'fpga -state' command is executed.
15:01:08 INFO  : Connected to target on host '127.0.0.1' and port '3121'.
15:01:08 INFO  : Jtag cable 'Digilent JTAG-SMT2 210251A08870' is selected.
15:01:08 INFO  : 'jtag frequency' command is executed.
15:01:08 INFO  : Sourcing of 'E:/work/project_AXI_DMA/project_AXI_DMA.sdk/system_wrapper_hw_platform_0/ps7_init.tcl' is done.
15:01:08 INFO  : Context for 'APU' is selected.
15:01:09 INFO  : Hardware design information is loaded from 'E:/work/project_AXI_DMA/project_AXI_DMA.sdk/system_wrapper_hw_platform_0/system.hdf'.
15:01:09 INFO  : 'configparams force-mem-access 1' command is executed.
15:01:09 INFO  : Context for 'APU' is selected.
15:01:09 INFO  : 'stop' command is executed.
15:01:09 INFO  : 'ps7_init' command is executed.
15:01:09 INFO  : 'ps7_post_config' command is executed.
15:01:09 INFO  : Context for processor 'ps7_cortexa9_0' is selected.
15:01:09 INFO  : Processor reset is completed for 'ps7_cortexa9_0'.
15:01:09 INFO  : Context for processor 'ps7_cortexa9_0' is selected.
15:01:09 INFO  : The application 'E:/work/project_AXI_DMA/project_AXI_DMA.sdk/AXI_DMA/Debug/AXI_DMA.elf' is downloaded to processor 'ps7_cortexa9_0'.
15:01:09 INFO  : 'configparams force-mem-access 0' command is executed.
15:01:09 INFO  : ----------------XSDB Script----------------
connect -url tcp:127.0.0.1:3121
source E:/work/project_AXI_DMA/project_AXI_DMA.sdk/system_wrapper_hw_platform_0/ps7_init.tcl
targets -set -nocase -filter {name =~"APU*" && jtag_cable_name =~ "Digilent JTAG-SMT2 210251A08870"} -index 0
loadhw -hw E:/work/project_AXI_DMA/project_AXI_DMA.sdk/system_wrapper_hw_platform_0/system.hdf -mem-ranges [list {0x40000000 0xbfffffff}]
configparams force-mem-access 1
targets -set -nocase -filter {name =~"APU*" && jtag_cable_name =~ "Digilent JTAG-SMT2 210251A08870"} -index 0
stop
ps7_init
ps7_post_config
targets -set -nocase -filter {name =~ "ARM*#0" && jtag_cable_name =~ "Digilent JTAG-SMT2 210251A08870"} -index 0
rst -processor
targets -set -nocase -filter {name =~ "ARM*#0" && jtag_cable_name =~ "Digilent JTAG-SMT2 210251A08870"} -index 0
dow E:/work/project_AXI_DMA/project_AXI_DMA.sdk/AXI_DMA/Debug/AXI_DMA.elf
configparams force-mem-access 0
----------------End of Script----------------

15:01:09 INFO  : Memory regions updated for context APU
15:01:09 INFO  : Context for processor 'ps7_cortexa9_0' is selected.
15:01:09 INFO  : 'con' command is executed.
15:01:09 INFO  : ----------------XSDB Script (After Launch)----------------
targets -set -nocase -filter {name =~ "ARM*#0" && jtag_cable_name =~ "Digilent JTAG-SMT2 210251A08870"} -index 0
con
----------------End of Script----------------

15:01:09 INFO  : Launch script is exported to file 'E:\work\project_AXI_DMA\.sdk\launch_scripts\xilinx_c-c++_application_(system_debugger)\system_debugger_using_debug_axi_dma.elf_on_local.tcl'
15:07:05 INFO  : Disconnected from the channel tcfchan#3.
15:07:06 INFO  : 'targets -set -filter {jtag_cable_name =~ "Digilent JTAG-SMT2 210251A08870" && level==0} -index 1' command is executed.
15:07:06 INFO  : 'fpga -state' command is executed.
15:07:06 INFO  : Connected to target on host '127.0.0.1' and port '3121'.
15:07:06 INFO  : Jtag cable 'Digilent JTAG-SMT2 210251A08870' is selected.
15:07:06 INFO  : 'jtag frequency' command is executed.
15:07:06 INFO  : Sourcing of 'E:/work/project_AXI_DMA/project_AXI_DMA.sdk/system_wrapper_hw_platform_0/ps7_init.tcl' is done.
15:07:06 INFO  : Context for 'APU' is selected.
15:07:07 INFO  : Hardware design information is loaded from 'E:/work/project_AXI_DMA/project_AXI_DMA.sdk/system_wrapper_hw_platform_0/system.hdf'.
15:07:07 INFO  : 'configparams force-mem-access 1' command is executed.
15:07:07 INFO  : Context for 'APU' is selected.
15:07:07 INFO  : 'stop' command is executed.
15:07:07 INFO  : 'ps7_init' command is executed.
15:07:07 INFO  : 'ps7_post_config' command is executed.
15:07:07 INFO  : Context for processor 'ps7_cortexa9_0' is selected.
15:07:07 INFO  : Processor reset is completed for 'ps7_cortexa9_0'.
15:07:07 INFO  : Context for processor 'ps7_cortexa9_0' is selected.
15:07:07 INFO  : The application 'E:/work/project_AXI_DMA/project_AXI_DMA.sdk/AXI_DMA/Debug/AXI_DMA.elf' is downloaded to processor 'ps7_cortexa9_0'.
15:07:07 INFO  : 'configparams force-mem-access 0' command is executed.
15:07:07 INFO  : ----------------XSDB Script----------------
connect -url tcp:127.0.0.1:3121
source E:/work/project_AXI_DMA/project_AXI_DMA.sdk/system_wrapper_hw_platform_0/ps7_init.tcl
targets -set -nocase -filter {name =~"APU*" && jtag_cable_name =~ "Digilent JTAG-SMT2 210251A08870"} -index 0
loadhw -hw E:/work/project_AXI_DMA/project_AXI_DMA.sdk/system_wrapper_hw_platform_0/system.hdf -mem-ranges [list {0x40000000 0xbfffffff}]
configparams force-mem-access 1
targets -set -nocase -filter {name =~"APU*" && jtag_cable_name =~ "Digilent JTAG-SMT2 210251A08870"} -index 0
stop
ps7_init
ps7_post_config
targets -set -nocase -filter {name =~ "ARM*#0" && jtag_cable_name =~ "Digilent JTAG-SMT2 210251A08870"} -index 0
rst -processor
targets -set -nocase -filter {name =~ "ARM*#0" && jtag_cable_name =~ "Digilent JTAG-SMT2 210251A08870"} -index 0
dow E:/work/project_AXI_DMA/project_AXI_DMA.sdk/AXI_DMA/Debug/AXI_DMA.elf
configparams force-mem-access 0
----------------End of Script----------------

15:07:07 INFO  : Memory regions updated for context APU
15:07:07 INFO  : Context for processor 'ps7_cortexa9_0' is selected.
15:07:07 INFO  : 'con' command is executed.
15:07:07 INFO  : ----------------XSDB Script (After Launch)----------------
targets -set -nocase -filter {name =~ "ARM*#0" && jtag_cable_name =~ "Digilent JTAG-SMT2 210251A08870"} -index 0
con
----------------End of Script----------------

15:07:07 INFO  : Launch script is exported to file 'E:\work\project_AXI_DMA\.sdk\launch_scripts\xilinx_c-c++_application_(system_debugger)\system_debugger_using_debug_axi_dma.elf_on_local.tcl'
15:08:14 INFO  : Disconnected from the channel tcfchan#4.
15:08:15 INFO  : 'targets -set -filter {jtag_cable_name =~ "Digilent JTAG-SMT2 210251A08870" && level==0} -index 1' command is executed.
15:08:15 INFO  : 'fpga -state' command is executed.
15:08:15 INFO  : Connected to target on host '127.0.0.1' and port '3121'.
15:08:15 INFO  : Jtag cable 'Digilent JTAG-SMT2 210251A08870' is selected.
15:08:15 INFO  : 'jtag frequency' command is executed.
15:08:15 INFO  : Sourcing of 'E:/work/project_AXI_DMA/project_AXI_DMA.sdk/system_wrapper_hw_platform_0/ps7_init.tcl' is done.
15:08:15 INFO  : Context for 'APU' is selected.
15:08:16 INFO  : Hardware design information is loaded from 'E:/work/project_AXI_DMA/project_AXI_DMA.sdk/system_wrapper_hw_platform_0/system.hdf'.
15:08:16 INFO  : 'configparams force-mem-access 1' command is executed.
15:08:16 INFO  : Context for 'APU' is selected.
15:08:16 INFO  : 'stop' command is executed.
15:08:16 INFO  : 'ps7_init' command is executed.
15:08:16 INFO  : 'ps7_post_config' command is executed.
15:08:16 INFO  : Context for processor 'ps7_cortexa9_0' is selected.
15:08:16 INFO  : Processor reset is completed for 'ps7_cortexa9_0'.
15:08:16 INFO  : Context for processor 'ps7_cortexa9_0' is selected.
15:08:16 INFO  : The application 'E:/work/project_AXI_DMA/project_AXI_DMA.sdk/AXI_DMA/Debug/AXI_DMA.elf' is downloaded to processor 'ps7_cortexa9_0'.
15:08:16 INFO  : 'configparams force-mem-access 0' command is executed.
15:08:16 INFO  : ----------------XSDB Script----------------
connect -url tcp:127.0.0.1:3121
source E:/work/project_AXI_DMA/project_AXI_DMA.sdk/system_wrapper_hw_platform_0/ps7_init.tcl
targets -set -nocase -filter {name =~"APU*" && jtag_cable_name =~ "Digilent JTAG-SMT2 210251A08870"} -index 0
loadhw -hw E:/work/project_AXI_DMA/project_AXI_DMA.sdk/system_wrapper_hw_platform_0/system.hdf -mem-ranges [list {0x40000000 0xbfffffff}]
configparams force-mem-access 1
targets -set -nocase -filter {name =~"APU*" && jtag_cable_name =~ "Digilent JTAG-SMT2 210251A08870"} -index 0
stop
ps7_init
ps7_post_config
targets -set -nocase -filter {name =~ "ARM*#0" && jtag_cable_name =~ "Digilent JTAG-SMT2 210251A08870"} -index 0
rst -processor
targets -set -nocase -filter {name =~ "ARM*#0" && jtag_cable_name =~ "Digilent JTAG-SMT2 210251A08870"} -index 0
dow E:/work/project_AXI_DMA/project_AXI_DMA.sdk/AXI_DMA/Debug/AXI_DMA.elf
configparams force-mem-access 0
----------------End of Script----------------

15:08:16 INFO  : Memory regions updated for context APU
15:08:16 INFO  : Context for processor 'ps7_cortexa9_0' is selected.
15:08:16 INFO  : 'con' command is executed.
15:08:16 INFO  : ----------------XSDB Script (After Launch)----------------
targets -set -nocase -filter {name =~ "ARM*#0" && jtag_cable_name =~ "Digilent JTAG-SMT2 210251A08870"} -index 0
con
----------------End of Script----------------

15:08:16 INFO  : Launch script is exported to file 'E:\work\project_AXI_DMA\.sdk\launch_scripts\xilinx_c-c++_application_(system_debugger)\system_debugger_using_debug_axi_dma.elf_on_local.tcl'
15:18:08 INFO  : Disconnected from the channel tcfchan#5.
15:18:09 INFO  : 'targets -set -filter {jtag_cable_name =~ "Digilent JTAG-SMT2 210251A08870" && level==0} -index 1' command is executed.
15:18:09 INFO  : 'fpga -state' command is executed.
15:18:09 INFO  : Connected to target on host '127.0.0.1' and port '3121'.
15:18:09 INFO  : Jtag cable 'Digilent JTAG-SMT2 210251A08870' is selected.
15:18:09 INFO  : 'jtag frequency' command is executed.
15:18:09 INFO  : Sourcing of 'E:/work/project_AXI_DMA/project_AXI_DMA.sdk/system_wrapper_hw_platform_0/ps7_init.tcl' is done.
15:18:09 INFO  : Context for 'APU' is selected.
15:18:10 INFO  : Hardware design information is loaded from 'E:/work/project_AXI_DMA/project_AXI_DMA.sdk/system_wrapper_hw_platform_0/system.hdf'.
15:18:10 INFO  : 'configparams force-mem-access 1' command is executed.
15:18:10 INFO  : Context for 'APU' is selected.
15:18:10 INFO  : 'stop' command is executed.
15:18:10 INFO  : 'ps7_init' command is executed.
15:18:10 INFO  : 'ps7_post_config' command is executed.
15:18:10 INFO  : Context for processor 'ps7_cortexa9_0' is selected.
15:18:10 INFO  : Processor reset is completed for 'ps7_cortexa9_0'.
15:18:11 INFO  : Context for processor 'ps7_cortexa9_0' is selected.
15:18:11 INFO  : The application 'E:/work/project_AXI_DMA/project_AXI_DMA.sdk/AXI_DMA/Debug/AXI_DMA.elf' is downloaded to processor 'ps7_cortexa9_0'.
15:18:11 INFO  : 'configparams force-mem-access 0' command is executed.
15:18:11 INFO  : ----------------XSDB Script----------------
connect -url tcp:127.0.0.1:3121
source E:/work/project_AXI_DMA/project_AXI_DMA.sdk/system_wrapper_hw_platform_0/ps7_init.tcl
targets -set -nocase -filter {name =~"APU*" && jtag_cable_name =~ "Digilent JTAG-SMT2 210251A08870"} -index 0
loadhw -hw E:/work/project_AXI_DMA/project_AXI_DMA.sdk/system_wrapper_hw_platform_0/system.hdf -mem-ranges [list {0x40000000 0xbfffffff}]
configparams force-mem-access 1
targets -set -nocase -filter {name =~"APU*" && jtag_cable_name =~ "Digilent JTAG-SMT2 210251A08870"} -index 0
stop
ps7_init
ps7_post_config
targets -set -nocase -filter {name =~ "ARM*#0" && jtag_cable_name =~ "Digilent JTAG-SMT2 210251A08870"} -index 0
rst -processor
targets -set -nocase -filter {name =~ "ARM*#0" && jtag_cable_name =~ "Digilent JTAG-SMT2 210251A08870"} -index 0
dow E:/work/project_AXI_DMA/project_AXI_DMA.sdk/AXI_DMA/Debug/AXI_DMA.elf
configparams force-mem-access 0
----------------End of Script----------------

15:18:11 INFO  : Memory regions updated for context APU
15:18:11 INFO  : Context for processor 'ps7_cortexa9_0' is selected.
15:18:11 INFO  : 'con' command is executed.
15:18:11 INFO  : ----------------XSDB Script (After Launch)----------------
targets -set -nocase -filter {name =~ "ARM*#0" && jtag_cable_name =~ "Digilent JTAG-SMT2 210251A08870"} -index 0
con
----------------End of Script----------------

15:18:11 INFO  : Launch script is exported to file 'E:\work\project_AXI_DMA\.sdk\launch_scripts\xilinx_c-c++_application_(system_debugger)\system_debugger_using_debug_axi_dma.elf_on_local.tcl'
15:19:26 INFO  : Disconnected from the channel tcfchan#6.
15:19:27 INFO  : 'targets -set -filter {jtag_cable_name =~ "Digilent JTAG-SMT2 210251A08870" && level==0} -index 1' command is executed.
15:19:27 INFO  : 'fpga -state' command is executed.
15:19:27 INFO  : Connected to target on host '127.0.0.1' and port '3121'.
15:19:27 INFO  : Jtag cable 'Digilent JTAG-SMT2 210251A08870' is selected.
15:19:27 INFO  : 'jtag frequency' command is executed.
15:19:27 INFO  : Sourcing of 'E:/work/project_AXI_DMA/project_AXI_DMA.sdk/system_wrapper_hw_platform_0/ps7_init.tcl' is done.
15:19:27 INFO  : Context for 'APU' is selected.
15:19:28 INFO  : Hardware design information is loaded from 'E:/work/project_AXI_DMA/project_AXI_DMA.sdk/system_wrapper_hw_platform_0/system.hdf'.
15:19:28 INFO  : 'configparams force-mem-access 1' command is executed.
15:19:28 INFO  : Context for 'APU' is selected.
15:19:28 INFO  : 'stop' command is executed.
15:19:28 INFO  : 'ps7_init' command is executed.
15:19:28 INFO  : 'ps7_post_config' command is executed.
15:19:28 INFO  : Context for processor 'ps7_cortexa9_0' is selected.
15:19:29 INFO  : Processor reset is completed for 'ps7_cortexa9_0'.
15:19:29 INFO  : Context for processor 'ps7_cortexa9_0' is selected.
15:19:29 INFO  : The application 'E:/work/project_AXI_DMA/project_AXI_DMA.sdk/AXI_DMA/Debug/AXI_DMA.elf' is downloaded to processor 'ps7_cortexa9_0'.
15:19:29 INFO  : 'configparams force-mem-access 0' command is executed.
15:19:29 INFO  : ----------------XSDB Script----------------
connect -url tcp:127.0.0.1:3121
source E:/work/project_AXI_DMA/project_AXI_DMA.sdk/system_wrapper_hw_platform_0/ps7_init.tcl
targets -set -nocase -filter {name =~"APU*" && jtag_cable_name =~ "Digilent JTAG-SMT2 210251A08870"} -index 0
loadhw -hw E:/work/project_AXI_DMA/project_AXI_DMA.sdk/system_wrapper_hw_platform_0/system.hdf -mem-ranges [list {0x40000000 0xbfffffff}]
configparams force-mem-access 1
targets -set -nocase -filter {name =~"APU*" && jtag_cable_name =~ "Digilent JTAG-SMT2 210251A08870"} -index 0
stop
ps7_init
ps7_post_config
targets -set -nocase -filter {name =~ "ARM*#0" && jtag_cable_name =~ "Digilent JTAG-SMT2 210251A08870"} -index 0
rst -processor
targets -set -nocase -filter {name =~ "ARM*#0" && jtag_cable_name =~ "Digilent JTAG-SMT2 210251A08870"} -index 0
dow E:/work/project_AXI_DMA/project_AXI_DMA.sdk/AXI_DMA/Debug/AXI_DMA.elf
configparams force-mem-access 0
----------------End of Script----------------

15:19:29 INFO  : Memory regions updated for context APU
15:19:29 INFO  : Context for processor 'ps7_cortexa9_0' is selected.
15:19:29 INFO  : 'con' command is executed.
15:19:29 INFO  : ----------------XSDB Script (After Launch)----------------
targets -set -nocase -filter {name =~ "ARM*#0" && jtag_cable_name =~ "Digilent JTAG-SMT2 210251A08870"} -index 0
con
----------------End of Script----------------

15:19:29 INFO  : Launch script is exported to file 'E:\work\project_AXI_DMA\.sdk\launch_scripts\xilinx_c-c++_application_(system_debugger)\system_debugger_using_debug_axi_dma.elf_on_local.tcl'
15:20:24 INFO  : Disconnected from the channel tcfchan#7.
15:20:25 INFO  : 'targets -set -filter {jtag_cable_name =~ "Digilent JTAG-SMT2 210251A08870" && level==0} -index 1' command is executed.
15:20:25 INFO  : 'fpga -state' command is executed.
15:20:25 INFO  : Connected to target on host '127.0.0.1' and port '3121'.
15:20:25 INFO  : Jtag cable 'Digilent JTAG-SMT2 210251A08870' is selected.
15:20:25 INFO  : 'jtag frequency' command is executed.
15:20:25 INFO  : Sourcing of 'E:/work/project_AXI_DMA/project_AXI_DMA.sdk/system_wrapper_hw_platform_0/ps7_init.tcl' is done.
15:20:25 INFO  : Context for 'APU' is selected.
15:20:26 INFO  : Hardware design information is loaded from 'E:/work/project_AXI_DMA/project_AXI_DMA.sdk/system_wrapper_hw_platform_0/system.hdf'.
15:20:26 INFO  : 'configparams force-mem-access 1' command is executed.
15:20:26 INFO  : Context for 'APU' is selected.
15:20:26 INFO  : 'stop' command is executed.
15:20:26 INFO  : 'ps7_init' command is executed.
15:20:26 INFO  : 'ps7_post_config' command is executed.
15:20:26 INFO  : Context for processor 'ps7_cortexa9_0' is selected.
15:20:26 INFO  : Processor reset is completed for 'ps7_cortexa9_0'.
15:20:26 INFO  : Context for processor 'ps7_cortexa9_0' is selected.
15:20:26 INFO  : The application 'E:/work/project_AXI_DMA/project_AXI_DMA.sdk/AXI_DMA/Debug/AXI_DMA.elf' is downloaded to processor 'ps7_cortexa9_0'.
15:20:26 INFO  : 'configparams force-mem-access 0' command is executed.
15:20:26 INFO  : ----------------XSDB Script----------------
connect -url tcp:127.0.0.1:3121
source E:/work/project_AXI_DMA/project_AXI_DMA.sdk/system_wrapper_hw_platform_0/ps7_init.tcl
targets -set -nocase -filter {name =~"APU*" && jtag_cable_name =~ "Digilent JTAG-SMT2 210251A08870"} -index 0
loadhw -hw E:/work/project_AXI_DMA/project_AXI_DMA.sdk/system_wrapper_hw_platform_0/system.hdf -mem-ranges [list {0x40000000 0xbfffffff}]
configparams force-mem-access 1
targets -set -nocase -filter {name =~"APU*" && jtag_cable_name =~ "Digilent JTAG-SMT2 210251A08870"} -index 0
stop
ps7_init
ps7_post_config
targets -set -nocase -filter {name =~ "ARM*#0" && jtag_cable_name =~ "Digilent JTAG-SMT2 210251A08870"} -index 0
rst -processor
targets -set -nocase -filter {name =~ "ARM*#0" && jtag_cable_name =~ "Digilent JTAG-SMT2 210251A08870"} -index 0
dow E:/work/project_AXI_DMA/project_AXI_DMA.sdk/AXI_DMA/Debug/AXI_DMA.elf
configparams force-mem-access 0
----------------End of Script----------------

15:20:26 INFO  : Memory regions updated for context APU
15:20:26 INFO  : Context for processor 'ps7_cortexa9_0' is selected.
15:20:26 INFO  : 'con' command is executed.
15:20:26 INFO  : ----------------XSDB Script (After Launch)----------------
targets -set -nocase -filter {name =~ "ARM*#0" && jtag_cable_name =~ "Digilent JTAG-SMT2 210251A08870"} -index 0
con
----------------End of Script----------------

15:20:26 INFO  : Launch script is exported to file 'E:\work\project_AXI_DMA\.sdk\launch_scripts\xilinx_c-c++_application_(system_debugger)\system_debugger_using_debug_axi_dma.elf_on_local.tcl'
15:24:12 INFO  : Disconnected from the channel tcfchan#8.
15:24:21 INFO  : Registering command handlers for SDK TCF services
15:24:22 INFO  : Launching XSCT server: xsct.bat -interactive E:\work\project_AXI_DMA\temp_xsdb_launch_script.tcl
15:24:23 INFO  : XSCT server has started successfully.
15:24:23 INFO  : Successfully done setting XSCT server connection channel  
15:24:23 INFO  : Successfully done setting SDK workspace  
15:24:31 INFO  : 'targets -set -filter {jtag_cable_name =~ "Digilent JTAG-SMT2 210251A08870" && level==0} -index 1' command is executed.
15:24:31 INFO  : 'fpga -state' command is executed.
15:24:31 INFO  : Connected to target on host '127.0.0.1' and port '3121'.
15:24:31 INFO  : Jtag cable 'Digilent JTAG-SMT2 210251A08870' is selected.
15:24:31 INFO  : 'jtag frequency' command is executed.
15:24:31 INFO  : Sourcing of 'E:/work/project_AXI_DMA/project_AXI_DMA.sdk/system_wrapper_hw_platform_0/ps7_init.tcl' is done.
15:24:31 INFO  : Context for 'APU' is selected.
15:24:31 INFO  : Hardware design information is loaded from 'E:/work/project_AXI_DMA/project_AXI_DMA.sdk/system_wrapper_hw_platform_0/system.hdf'.
15:24:31 INFO  : 'configparams force-mem-access 1' command is executed.
15:24:31 INFO  : Context for 'APU' is selected.
15:24:31 INFO  : 'stop' command is executed.
15:24:31 INFO  : 'ps7_init' command is executed.
15:24:31 INFO  : 'ps7_post_config' command is executed.
15:24:31 INFO  : Context for processor 'ps7_cortexa9_0' is selected.
15:24:31 INFO  : Processor reset is completed for 'ps7_cortexa9_0'.
15:24:31 INFO  : Context for processor 'ps7_cortexa9_0' is selected.
15:24:31 INFO  : The application 'E:/work/project_AXI_DMA/project_AXI_DMA.sdk/AXI_DMA/Debug/AXI_DMA.elf' is downloaded to processor 'ps7_cortexa9_0'.
15:24:31 INFO  : 'configparams force-mem-access 0' command is executed.
15:24:31 INFO  : ----------------XSDB Script----------------
connect -url tcp:127.0.0.1:3121
source E:/work/project_AXI_DMA/project_AXI_DMA.sdk/system_wrapper_hw_platform_0/ps7_init.tcl
targets -set -nocase -filter {name =~"APU*" && jtag_cable_name =~ "Digilent JTAG-SMT2 210251A08870"} -index 0
loadhw -hw E:/work/project_AXI_DMA/project_AXI_DMA.sdk/system_wrapper_hw_platform_0/system.hdf -mem-ranges [list {0x40000000 0xbfffffff}]
configparams force-mem-access 1
targets -set -nocase -filter {name =~"APU*" && jtag_cable_name =~ "Digilent JTAG-SMT2 210251A08870"} -index 0
stop
ps7_init
ps7_post_config
targets -set -nocase -filter {name =~ "ARM*#0" && jtag_cable_name =~ "Digilent JTAG-SMT2 210251A08870"} -index 0
rst -processor
targets -set -nocase -filter {name =~ "ARM*#0" && jtag_cable_name =~ "Digilent JTAG-SMT2 210251A08870"} -index 0
dow E:/work/project_AXI_DMA/project_AXI_DMA.sdk/AXI_DMA/Debug/AXI_DMA.elf
configparams force-mem-access 0
----------------End of Script----------------

15:24:31 INFO  : Memory regions updated for context APU
15:24:32 INFO  : Context for processor 'ps7_cortexa9_0' is selected.
15:24:32 INFO  : 'con' command is executed.
15:24:32 INFO  : ----------------XSDB Script (After Launch)----------------
targets -set -nocase -filter {name =~ "ARM*#0" && jtag_cable_name =~ "Digilent JTAG-SMT2 210251A08870"} -index 0
con
----------------End of Script----------------

15:24:32 INFO  : Launch script is exported to file 'E:\work\project_AXI_DMA\.sdk\launch_scripts\xilinx_c-c++_application_(system_debugger)\system_debugger_using_debug_axi_dma.elf_on_local.tcl'
15:24:34 INFO  : Disconnected from the channel tcfchan#1.
15:24:36 INFO  : 'targets -set -filter {jtag_cable_name =~ "Digilent JTAG-SMT2 210251A08870" && level==0} -index 1' command is executed.
15:24:36 INFO  : 'fpga -state' command is executed.
15:24:36 INFO  : Connected to target on host '127.0.0.1' and port '3121'.
15:24:36 INFO  : Jtag cable 'Digilent JTAG-SMT2 210251A08870' is selected.
15:24:36 INFO  : 'jtag frequency' command is executed.
15:24:36 INFO  : Sourcing of 'E:/work/project_AXI_DMA/project_AXI_DMA.sdk/system_wrapper_hw_platform_0/ps7_init.tcl' is done.
15:24:36 INFO  : Context for 'APU' is selected.
15:24:37 INFO  : Hardware design information is loaded from 'E:/work/project_AXI_DMA/project_AXI_DMA.sdk/system_wrapper_hw_platform_0/system.hdf'.
15:24:37 INFO  : 'configparams force-mem-access 1' command is executed.
15:24:37 INFO  : Context for 'APU' is selected.
15:24:37 INFO  : 'stop' command is executed.
15:24:37 INFO  : 'ps7_init' command is executed.
15:24:37 INFO  : 'ps7_post_config' command is executed.
15:24:37 INFO  : Context for processor 'ps7_cortexa9_0' is selected.
15:24:37 INFO  : Processor reset is completed for 'ps7_cortexa9_0'.
15:24:37 INFO  : Context for processor 'ps7_cortexa9_0' is selected.
15:24:37 INFO  : The application 'E:/work/project_AXI_DMA/project_AXI_DMA.sdk/AXI_DMA/Debug/AXI_DMA.elf' is downloaded to processor 'ps7_cortexa9_0'.
15:24:37 INFO  : 'configparams force-mem-access 0' command is executed.
15:24:37 INFO  : ----------------XSDB Script----------------
connect -url tcp:127.0.0.1:3121
source E:/work/project_AXI_DMA/project_AXI_DMA.sdk/system_wrapper_hw_platform_0/ps7_init.tcl
targets -set -nocase -filter {name =~"APU*" && jtag_cable_name =~ "Digilent JTAG-SMT2 210251A08870"} -index 0
loadhw -hw E:/work/project_AXI_DMA/project_AXI_DMA.sdk/system_wrapper_hw_platform_0/system.hdf -mem-ranges [list {0x40000000 0xbfffffff}]
configparams force-mem-access 1
targets -set -nocase -filter {name =~"APU*" && jtag_cable_name =~ "Digilent JTAG-SMT2 210251A08870"} -index 0
stop
ps7_init
ps7_post_config
targets -set -nocase -filter {name =~ "ARM*#0" && jtag_cable_name =~ "Digilent JTAG-SMT2 210251A08870"} -index 0
rst -processor
targets -set -nocase -filter {name =~ "ARM*#0" && jtag_cable_name =~ "Digilent JTAG-SMT2 210251A08870"} -index 0
dow E:/work/project_AXI_DMA/project_AXI_DMA.sdk/AXI_DMA/Debug/AXI_DMA.elf
configparams force-mem-access 0
----------------End of Script----------------

15:24:37 INFO  : Memory regions updated for context APU
15:24:37 INFO  : Context for processor 'ps7_cortexa9_0' is selected.
15:24:37 INFO  : 'con' command is executed.
15:24:37 INFO  : ----------------XSDB Script (After Launch)----------------
targets -set -nocase -filter {name =~ "ARM*#0" && jtag_cable_name =~ "Digilent JTAG-SMT2 210251A08870"} -index 0
con
----------------End of Script----------------

15:24:37 INFO  : Launch script is exported to file 'E:\work\project_AXI_DMA\.sdk\launch_scripts\xilinx_c-c++_application_(system_debugger)\system_debugger_using_debug_axi_dma.elf_on_local.tcl'
16:18:07 INFO  : Disconnected from the channel tcfchan#2.
16:18:21 INFO  : 'targets -set -filter {jtag_cable_name =~ "Digilent JTAG-SMT2 210251A08870" && level==0} -index 1' command is executed.
16:18:21 INFO  : 'fpga -state' command is executed.
16:18:22 INFO  : Connected to target on host '127.0.0.1' and port '3121'.
16:18:23 INFO  : Jtag cable 'Digilent JTAG-SMT2 210251A08870' is selected.
16:18:23 INFO  : 'jtag frequency' command is executed.
16:18:23 INFO  : Sourcing of 'E:/work/project_AXI_DMA/project_AXI_DMA.sdk/system_wrapper_hw_platform_0/ps7_init.tcl' is done.
16:18:23 INFO  : Context for 'APU' is selected.
16:18:24 INFO  : Hardware design information is loaded from 'E:/work/project_AXI_DMA/project_AXI_DMA.sdk/system_wrapper_hw_platform_0/system.hdf'.
16:18:24 INFO  : 'configparams force-mem-access 1' command is executed.
16:18:24 INFO  : Context for 'APU' is selected.
16:18:24 INFO  : 'stop' command is executed.
16:18:24 INFO  : 'ps7_init' command is executed.
16:18:24 INFO  : 'ps7_post_config' command is executed.
16:18:24 INFO  : Context for processor 'ps7_cortexa9_0' is selected.
16:18:24 INFO  : Processor reset is completed for 'ps7_cortexa9_0'.
16:18:24 INFO  : Context for processor 'ps7_cortexa9_0' is selected.
16:18:24 INFO  : The application 'E:/work/project_AXI_DMA/project_AXI_DMA.sdk/AXI_DMA/Debug/AXI_DMA.elf' is downloaded to processor 'ps7_cortexa9_0'.
16:18:24 INFO  : 'configparams force-mem-access 0' command is executed.
16:18:24 INFO  : ----------------XSDB Script----------------
connect -url tcp:127.0.0.1:3121
source E:/work/project_AXI_DMA/project_AXI_DMA.sdk/system_wrapper_hw_platform_0/ps7_init.tcl
targets -set -nocase -filter {name =~"APU*" && jtag_cable_name =~ "Digilent JTAG-SMT2 210251A08870"} -index 0
loadhw -hw E:/work/project_AXI_DMA/project_AXI_DMA.sdk/system_wrapper_hw_platform_0/system.hdf -mem-ranges [list {0x40000000 0xbfffffff}]
configparams force-mem-access 1
targets -set -nocase -filter {name =~"APU*" && jtag_cable_name =~ "Digilent JTAG-SMT2 210251A08870"} -index 0
stop
ps7_init
ps7_post_config
targets -set -nocase -filter {name =~ "ARM*#0" && jtag_cable_name =~ "Digilent JTAG-SMT2 210251A08870"} -index 0
rst -processor
targets -set -nocase -filter {name =~ "ARM*#0" && jtag_cable_name =~ "Digilent JTAG-SMT2 210251A08870"} -index 0
dow E:/work/project_AXI_DMA/project_AXI_DMA.sdk/AXI_DMA/Debug/AXI_DMA.elf
configparams force-mem-access 0
----------------End of Script----------------

16:18:25 INFO  : Memory regions updated for context APU
16:18:25 INFO  : Context for processor 'ps7_cortexa9_0' is selected.
16:18:25 INFO  : 'con' command is executed.
16:18:25 INFO  : ----------------XSDB Script (After Launch)----------------
targets -set -nocase -filter {name =~ "ARM*#0" && jtag_cable_name =~ "Digilent JTAG-SMT2 210251A08870"} -index 0
con
----------------End of Script----------------

16:18:25 INFO  : Launch script is exported to file 'E:\work\project_AXI_DMA\.sdk\launch_scripts\xilinx_c-c++_application_(system_debugger)\system_debugger_using_debug_axi_dma.elf_on_local.tcl'
16:18:33 INFO  : Disconnected from the channel tcfchan#3.
16:18:34 INFO  : 'targets -set -filter {jtag_cable_name =~ "Digilent JTAG-SMT2 210251A08870" && level==0} -index 1' command is executed.
16:18:34 INFO  : 'fpga -state' command is executed.
16:18:36 INFO  : Memory regions updated for context APU
16:18:40 INFO  : Connected to target on host '127.0.0.1' and port '3121'.
16:18:40 INFO  : 'targets -set -filter {jtag_cable_name =~ "Digilent JTAG-SMT2 210251A08870" && level==0} -index 1' command is executed.
16:18:42 INFO  : FPGA configured successfully with bitstream "E:/work/project_AXI_DMA/project_AXI_DMA.sdk/system_wrapper_hw_platform_0/system_wrapper.bit"
16:18:54 INFO  : 'targets -set -filter {jtag_cable_name =~ "Digilent JTAG-SMT2 210251A08870" && level==0} -index 1' command is executed.
16:18:54 INFO  : 'fpga -state' command is executed.
16:18:54 INFO  : Connected to target on host '127.0.0.1' and port '3121'.
16:18:54 INFO  : Jtag cable 'Digilent JTAG-SMT2 210251A08870' is selected.
16:18:54 INFO  : 'jtag frequency' command is executed.
16:18:54 INFO  : Sourcing of 'E:/work/project_AXI_DMA/project_AXI_DMA.sdk/system_wrapper_hw_platform_0/ps7_init.tcl' is done.
16:18:54 INFO  : Context for 'APU' is selected.
16:18:54 INFO  : Hardware design information is loaded from 'E:/work/project_AXI_DMA/project_AXI_DMA.sdk/system_wrapper_hw_platform_0/system.hdf'.
16:18:54 INFO  : 'configparams force-mem-access 1' command is executed.
16:18:54 INFO  : Context for 'APU' is selected.
16:18:54 INFO  : 'stop' command is executed.
16:18:55 INFO  : 'ps7_init' command is executed.
16:18:55 INFO  : 'ps7_post_config' command is executed.
16:18:55 INFO  : Context for processor 'ps7_cortexa9_0' is selected.
16:18:55 INFO  : Processor reset is completed for 'ps7_cortexa9_0'.
16:18:55 INFO  : Context for processor 'ps7_cortexa9_0' is selected.
16:18:55 INFO  : The application 'E:/work/project_AXI_DMA/project_AXI_DMA.sdk/AXI_DMA/Debug/AXI_DMA.elf' is downloaded to processor 'ps7_cortexa9_0'.
16:18:55 INFO  : 'configparams force-mem-access 0' command is executed.
16:18:55 INFO  : ----------------XSDB Script----------------
connect -url tcp:127.0.0.1:3121
source E:/work/project_AXI_DMA/project_AXI_DMA.sdk/system_wrapper_hw_platform_0/ps7_init.tcl
targets -set -nocase -filter {name =~"APU*" && jtag_cable_name =~ "Digilent JTAG-SMT2 210251A08870"} -index 0
loadhw -hw E:/work/project_AXI_DMA/project_AXI_DMA.sdk/system_wrapper_hw_platform_0/system.hdf -mem-ranges [list {0x40000000 0xbfffffff}]
configparams force-mem-access 1
targets -set -nocase -filter {name =~"APU*" && jtag_cable_name =~ "Digilent JTAG-SMT2 210251A08870"} -index 0
stop
ps7_init
ps7_post_config
targets -set -nocase -filter {name =~ "ARM*#0" && jtag_cable_name =~ "Digilent JTAG-SMT2 210251A08870"} -index 0
rst -processor
targets -set -nocase -filter {name =~ "ARM*#0" && jtag_cable_name =~ "Digilent JTAG-SMT2 210251A08870"} -index 0
dow E:/work/project_AXI_DMA/project_AXI_DMA.sdk/AXI_DMA/Debug/AXI_DMA.elf
configparams force-mem-access 0
----------------End of Script----------------

16:18:55 INFO  : Memory regions updated for context APU
16:18:55 INFO  : Context for processor 'ps7_cortexa9_0' is selected.
16:18:55 INFO  : 'con' command is executed.
16:18:55 INFO  : ----------------XSDB Script (After Launch)----------------
targets -set -nocase -filter {name =~ "ARM*#0" && jtag_cable_name =~ "Digilent JTAG-SMT2 210251A08870"} -index 0
con
----------------End of Script----------------

16:18:55 INFO  : Launch script is exported to file 'E:\work\project_AXI_DMA\.sdk\launch_scripts\xilinx_c-c++_application_(system_debugger)\system_debugger_using_debug_axi_dma.elf_on_local.tcl'
16:32:54 INFO  : Disconnected from the channel tcfchan#4.
16:32:55 INFO  : 'targets -set -filter {jtag_cable_name =~ "Digilent JTAG-SMT2 210251A08870" && level==0} -index 1' command is executed.
16:32:55 INFO  : 'fpga -state' command is executed.
16:32:55 INFO  : Connected to target on host '127.0.0.1' and port '3121'.
16:32:55 INFO  : Jtag cable 'Digilent JTAG-SMT2 210251A08870' is selected.
16:32:55 INFO  : 'jtag frequency' command is executed.
16:32:55 INFO  : Sourcing of 'E:/work/project_AXI_DMA/project_AXI_DMA.sdk/system_wrapper_hw_platform_0/ps7_init.tcl' is done.
16:32:55 INFO  : Context for 'APU' is selected.
16:32:56 INFO  : Hardware design information is loaded from 'E:/work/project_AXI_DMA/project_AXI_DMA.sdk/system_wrapper_hw_platform_0/system.hdf'.
16:32:56 INFO  : 'configparams force-mem-access 1' command is executed.
16:32:56 INFO  : Context for 'APU' is selected.
16:32:56 INFO  : 'stop' command is executed.
16:32:56 INFO  : 'ps7_init' command is executed.
16:32:56 INFO  : 'ps7_post_config' command is executed.
16:32:56 INFO  : Context for processor 'ps7_cortexa9_0' is selected.
16:32:56 INFO  : Processor reset is completed for 'ps7_cortexa9_0'.
16:32:57 INFO  : Context for processor 'ps7_cortexa9_0' is selected.
16:32:57 INFO  : The application 'E:/work/project_AXI_DMA/project_AXI_DMA.sdk/AXI_DMA/Debug/AXI_DMA.elf' is downloaded to processor 'ps7_cortexa9_0'.
16:32:57 INFO  : 'configparams force-mem-access 0' command is executed.
16:32:57 INFO  : ----------------XSDB Script----------------
connect -url tcp:127.0.0.1:3121
source E:/work/project_AXI_DMA/project_AXI_DMA.sdk/system_wrapper_hw_platform_0/ps7_init.tcl
targets -set -nocase -filter {name =~"APU*" && jtag_cable_name =~ "Digilent JTAG-SMT2 210251A08870"} -index 0
loadhw -hw E:/work/project_AXI_DMA/project_AXI_DMA.sdk/system_wrapper_hw_platform_0/system.hdf -mem-ranges [list {0x40000000 0xbfffffff}]
configparams force-mem-access 1
targets -set -nocase -filter {name =~"APU*" && jtag_cable_name =~ "Digilent JTAG-SMT2 210251A08870"} -index 0
stop
ps7_init
ps7_post_config
targets -set -nocase -filter {name =~ "ARM*#0" && jtag_cable_name =~ "Digilent JTAG-SMT2 210251A08870"} -index 0
rst -processor
targets -set -nocase -filter {name =~ "ARM*#0" && jtag_cable_name =~ "Digilent JTAG-SMT2 210251A08870"} -index 0
dow E:/work/project_AXI_DMA/project_AXI_DMA.sdk/AXI_DMA/Debug/AXI_DMA.elf
configparams force-mem-access 0
----------------End of Script----------------

16:32:57 INFO  : Memory regions updated for context APU
16:32:57 INFO  : Context for processor 'ps7_cortexa9_0' is selected.
16:32:57 INFO  : 'con' command is executed.
16:32:57 INFO  : ----------------XSDB Script (After Launch)----------------
targets -set -nocase -filter {name =~ "ARM*#0" && jtag_cable_name =~ "Digilent JTAG-SMT2 210251A08870"} -index 0
con
----------------End of Script----------------

16:32:57 INFO  : Launch script is exported to file 'E:\work\project_AXI_DMA\.sdk\launch_scripts\xilinx_c-c++_application_(system_debugger)\system_debugger_using_debug_axi_dma.elf_on_local.tcl'
16:48:46 INFO  : Disconnected from the channel tcfchan#5.
16:48:47 INFO  : 'targets -set -filter {jtag_cable_name =~ "Digilent JTAG-SMT2 210251A08870" && level==0} -index 1' command is executed.
16:48:47 INFO  : 'fpga -state' command is executed.
16:48:47 INFO  : Connected to target on host '127.0.0.1' and port '3121'.
16:48:48 INFO  : Jtag cable 'Digilent JTAG-SMT2 210251A08870' is selected.
16:48:48 INFO  : 'jtag frequency' command is executed.
16:48:48 INFO  : Sourcing of 'E:/work/project_AXI_DMA/project_AXI_DMA.sdk/system_wrapper_hw_platform_0/ps7_init.tcl' is done.
16:48:48 INFO  : Context for 'APU' is selected.
16:48:48 INFO  : Hardware design information is loaded from 'E:/work/project_AXI_DMA/project_AXI_DMA.sdk/system_wrapper_hw_platform_0/system.hdf'.
16:48:48 INFO  : 'configparams force-mem-access 1' command is executed.
16:48:48 INFO  : Context for 'APU' is selected.
16:48:48 INFO  : 'stop' command is executed.
16:48:49 INFO  : 'ps7_init' command is executed.
16:48:49 INFO  : 'ps7_post_config' command is executed.
16:48:49 INFO  : Context for processor 'ps7_cortexa9_0' is selected.
16:48:49 INFO  : Processor reset is completed for 'ps7_cortexa9_0'.
16:48:49 INFO  : Context for processor 'ps7_cortexa9_0' is selected.
16:48:49 INFO  : The application 'E:/work/project_AXI_DMA/project_AXI_DMA.sdk/AXI_DMA/Debug/AXI_DMA.elf' is downloaded to processor 'ps7_cortexa9_0'.
16:48:49 INFO  : 'configparams force-mem-access 0' command is executed.
16:48:49 INFO  : ----------------XSDB Script----------------
connect -url tcp:127.0.0.1:3121
source E:/work/project_AXI_DMA/project_AXI_DMA.sdk/system_wrapper_hw_platform_0/ps7_init.tcl
targets -set -nocase -filter {name =~"APU*" && jtag_cable_name =~ "Digilent JTAG-SMT2 210251A08870"} -index 0
loadhw -hw E:/work/project_AXI_DMA/project_AXI_DMA.sdk/system_wrapper_hw_platform_0/system.hdf -mem-ranges [list {0x40000000 0xbfffffff}]
configparams force-mem-access 1
targets -set -nocase -filter {name =~"APU*" && jtag_cable_name =~ "Digilent JTAG-SMT2 210251A08870"} -index 0
stop
ps7_init
ps7_post_config
targets -set -nocase -filter {name =~ "ARM*#0" && jtag_cable_name =~ "Digilent JTAG-SMT2 210251A08870"} -index 0
rst -processor
targets -set -nocase -filter {name =~ "ARM*#0" && jtag_cable_name =~ "Digilent JTAG-SMT2 210251A08870"} -index 0
dow E:/work/project_AXI_DMA/project_AXI_DMA.sdk/AXI_DMA/Debug/AXI_DMA.elf
configparams force-mem-access 0
----------------End of Script----------------

16:48:49 INFO  : Memory regions updated for context APU
16:48:49 INFO  : Context for processor 'ps7_cortexa9_0' is selected.
16:48:49 INFO  : 'con' command is executed.
16:48:49 INFO  : ----------------XSDB Script (After Launch)----------------
targets -set -nocase -filter {name =~ "ARM*#0" && jtag_cable_name =~ "Digilent JTAG-SMT2 210251A08870"} -index 0
con
----------------End of Script----------------

16:48:49 INFO  : Launch script is exported to file 'E:\work\project_AXI_DMA\.sdk\launch_scripts\xilinx_c-c++_application_(system_debugger)\system_debugger_using_debug_axi_dma.elf_on_local.tcl'
16:49:06 INFO  : Disconnected from the channel tcfchan#6.
16:49:07 INFO  : 'targets -set -filter {jtag_cable_name =~ "Digilent JTAG-SMT2 210251A08870" && level==0} -index 1' command is executed.
16:49:07 INFO  : 'fpga -state' command is executed.
16:49:07 INFO  : Connected to target on host '127.0.0.1' and port '3121'.
16:49:07 INFO  : Jtag cable 'Digilent JTAG-SMT2 210251A08870' is selected.
16:49:07 INFO  : 'jtag frequency' command is executed.
16:49:07 INFO  : Sourcing of 'E:/work/project_AXI_DMA/project_AXI_DMA.sdk/system_wrapper_hw_platform_0/ps7_init.tcl' is done.
16:49:07 INFO  : Context for 'APU' is selected.
16:49:08 INFO  : Hardware design information is loaded from 'E:/work/project_AXI_DMA/project_AXI_DMA.sdk/system_wrapper_hw_platform_0/system.hdf'.
16:49:08 INFO  : 'configparams force-mem-access 1' command is executed.
16:49:08 INFO  : Context for 'APU' is selected.
16:49:08 INFO  : 'stop' command is executed.
16:49:08 INFO  : 'ps7_init' command is executed.
16:49:08 INFO  : 'ps7_post_config' command is executed.
16:49:08 INFO  : Context for processor 'ps7_cortexa9_0' is selected.
16:49:08 INFO  : Processor reset is completed for 'ps7_cortexa9_0'.
16:49:08 INFO  : Context for processor 'ps7_cortexa9_0' is selected.
16:49:08 INFO  : The application 'E:/work/project_AXI_DMA/project_AXI_DMA.sdk/AXI_DMA/Debug/AXI_DMA.elf' is downloaded to processor 'ps7_cortexa9_0'.
16:49:08 INFO  : 'configparams force-mem-access 0' command is executed.
16:49:08 INFO  : ----------------XSDB Script----------------
connect -url tcp:127.0.0.1:3121
source E:/work/project_AXI_DMA/project_AXI_DMA.sdk/system_wrapper_hw_platform_0/ps7_init.tcl
targets -set -nocase -filter {name =~"APU*" && jtag_cable_name =~ "Digilent JTAG-SMT2 210251A08870"} -index 0
loadhw -hw E:/work/project_AXI_DMA/project_AXI_DMA.sdk/system_wrapper_hw_platform_0/system.hdf -mem-ranges [list {0x40000000 0xbfffffff}]
configparams force-mem-access 1
targets -set -nocase -filter {name =~"APU*" && jtag_cable_name =~ "Digilent JTAG-SMT2 210251A08870"} -index 0
stop
ps7_init
ps7_post_config
targets -set -nocase -filter {name =~ "ARM*#0" && jtag_cable_name =~ "Digilent JTAG-SMT2 210251A08870"} -index 0
rst -processor
targets -set -nocase -filter {name =~ "ARM*#0" && jtag_cable_name =~ "Digilent JTAG-SMT2 210251A08870"} -index 0
dow E:/work/project_AXI_DMA/project_AXI_DMA.sdk/AXI_DMA/Debug/AXI_DMA.elf
configparams force-mem-access 0
----------------End of Script----------------

16:49:08 INFO  : Memory regions updated for context APU
16:49:09 INFO  : Context for processor 'ps7_cortexa9_0' is selected.
16:49:09 INFO  : 'con' command is executed.
16:49:09 INFO  : ----------------XSDB Script (After Launch)----------------
targets -set -nocase -filter {name =~ "ARM*#0" && jtag_cable_name =~ "Digilent JTAG-SMT2 210251A08870"} -index 0
con
----------------End of Script----------------

16:49:09 INFO  : Launch script is exported to file 'E:\work\project_AXI_DMA\.sdk\launch_scripts\xilinx_c-c++_application_(system_debugger)\system_debugger_using_debug_axi_dma.elf_on_local.tcl'
17:01:38 INFO  : Disconnected from the channel tcfchan#7.
17:01:39 INFO  : 'targets -set -filter {jtag_cable_name =~ "Digilent JTAG-SMT2 210251A08870" && level==0} -index 1' command is executed.
17:01:39 INFO  : 'fpga -state' command is executed.
17:01:39 INFO  : Connected to target on host '127.0.0.1' and port '3121'.
17:01:39 INFO  : Jtag cable 'Digilent JTAG-SMT2 210251A08870' is selected.
17:01:39 INFO  : 'jtag frequency' command is executed.
17:01:39 INFO  : Sourcing of 'E:/work/project_AXI_DMA/project_AXI_DMA.sdk/system_wrapper_hw_platform_0/ps7_init.tcl' is done.
17:01:39 INFO  : Context for 'APU' is selected.
17:01:40 INFO  : Hardware design information is loaded from 'E:/work/project_AXI_DMA/project_AXI_DMA.sdk/system_wrapper_hw_platform_0/system.hdf'.
17:01:40 INFO  : 'configparams force-mem-access 1' command is executed.
17:01:40 INFO  : Context for 'APU' is selected.
17:01:40 INFO  : 'stop' command is executed.
17:01:40 INFO  : 'ps7_init' command is executed.
17:01:40 INFO  : 'ps7_post_config' command is executed.
17:01:40 INFO  : Context for processor 'ps7_cortexa9_0' is selected.
17:01:40 INFO  : Processor reset is completed for 'ps7_cortexa9_0'.
17:01:40 INFO  : Context for processor 'ps7_cortexa9_0' is selected.
17:01:40 INFO  : The application 'E:/work/project_AXI_DMA/project_AXI_DMA.sdk/AXI_DMA/Debug/AXI_DMA.elf' is downloaded to processor 'ps7_cortexa9_0'.
17:01:40 INFO  : 'configparams force-mem-access 0' command is executed.
17:01:40 INFO  : ----------------XSDB Script----------------
connect -url tcp:127.0.0.1:3121
source E:/work/project_AXI_DMA/project_AXI_DMA.sdk/system_wrapper_hw_platform_0/ps7_init.tcl
targets -set -nocase -filter {name =~"APU*" && jtag_cable_name =~ "Digilent JTAG-SMT2 210251A08870"} -index 0
loadhw -hw E:/work/project_AXI_DMA/project_AXI_DMA.sdk/system_wrapper_hw_platform_0/system.hdf -mem-ranges [list {0x40000000 0xbfffffff}]
configparams force-mem-access 1
targets -set -nocase -filter {name =~"APU*" && jtag_cable_name =~ "Digilent JTAG-SMT2 210251A08870"} -index 0
stop
ps7_init
ps7_post_config
targets -set -nocase -filter {name =~ "ARM*#0" && jtag_cable_name =~ "Digilent JTAG-SMT2 210251A08870"} -index 0
rst -processor
targets -set -nocase -filter {name =~ "ARM*#0" && jtag_cable_name =~ "Digilent JTAG-SMT2 210251A08870"} -index 0
dow E:/work/project_AXI_DMA/project_AXI_DMA.sdk/AXI_DMA/Debug/AXI_DMA.elf
configparams force-mem-access 0
----------------End of Script----------------

17:01:40 INFO  : Memory regions updated for context APU
17:01:41 INFO  : Context for processor 'ps7_cortexa9_0' is selected.
17:01:41 INFO  : 'con' command is executed.
17:01:41 INFO  : ----------------XSDB Script (After Launch)----------------
targets -set -nocase -filter {name =~ "ARM*#0" && jtag_cable_name =~ "Digilent JTAG-SMT2 210251A08870"} -index 0
con
----------------End of Script----------------

17:01:41 INFO  : Launch script is exported to file 'E:\work\project_AXI_DMA\.sdk\launch_scripts\xilinx_c-c++_application_(system_debugger)\system_debugger_using_debug_axi_dma.elf_on_local.tcl'
18:31:40 INFO  : Disconnected from the channel tcfchan#8.
