#-----------------------------------------------------------
# Vivado v2018.1 (64-bit)
# SW Build 2188600 on Wed Apr  4 18:40:38 MDT 2018
# IP Build 2185939 on Wed Apr  4 20:55:05 MDT 2018
# Start of session at: Tue Mar 28 13:19:37 2023
# Process ID: 5620
# Current directory: E:/work/project_AXI_DMA
# Command line: vivado.exe -gui_launcher_event rodinguilauncherevent20488 E:\work\project_AXI_DMA\project_AXI_DMA.xpr
# Log file: E:/work/project_AXI_DMA/vivado.log
# Journal file: E:/work/project_AXI_DMA\vivado.jou
#-----------------------------------------------------------
start_gui
open_project E:/work/project_AXI_DMA/project_AXI_DMA.xpr
INFO: [Project 1-313] Project file moved from 'E:/project_AXI_DMA -V1.0' since last save.
Scanning sources...
Finished scanning sources
WARNING: [filemgmt 56-3] IP Repository Path: Could not find the directory 'c:/Users/PC/AppData/ip_repo/data_status_1.0'.
INFO: [IP_Flow 19-234] Refreshing IP repositories
WARNING: [IP_Flow 19-2248] Failed to load user IP repository 'c:/Users/PC/AppData/ip_repo/data_status_1.0'; Can't find the specified path.
If this directory should no longer be in your list of user repositories, go to the IP Settings dialog and remove it.
INFO: [IP_Flow 19-1700] Loaded user IP repository 'e:/work/project_AXI_DMA/ip_repo'.
INFO: [IP_Flow 19-2313] Loaded Vivado IP repository 'D:/vivado/fix_vivado/Vivado/2018.1/data/ip'.
open_project: Time (s): cpu = 00:00:06 ; elapsed = 00:00:13 . Memory (MB): peak = 914.887 ; gain = 142.789
update_compile_order -fileset sources_1
launch_sdk -workspace E:/work/project_AXI_DMA/project_AXI_DMA.sdk -hwspec E:/work/project_AXI_DMA/project_AXI_DMA.sdk/system_wrapper.hdf
INFO: [Vivado 12-393] Launching SDK...
INFO: [Vivado 12-417] Running xsdk -workspace E:/work/project_AXI_DMA/project_AXI_DMA.sdk -hwspec E:/work/project_AXI_DMA/project_AXI_DMA.sdk/system_wrapper.hdf
INFO: [Vivado 12-3157] SDK launch initiated. Please check console for any further messages.
exit
INFO: [Common 17-206] Exiting Vivado at Tue Mar 28 13:34:14 2023...
