#-----------------------------------------------------------
# Vivado v2018.1 (64-bit)
# SW Build 2188600 on Wed Apr  4 18:40:38 MDT 2018
# IP Build 2185939 on Wed Apr  4 20:55:05 MDT 2018
# Start of session at: Tue Mar 28 12:10:29 2023
# Process ID: 17548
# Current directory: E:/project_AXI_DMA -V1.0
# Command line: vivado.exe -gui_launcher_event rodinguilauncherevent3172 E:\project_AXI_DMA -V1.0\project_AXI_DMA.xpr
# Log file: E:/project_AXI_DMA -V1.0/vivado.log
# Journal file: E:/project_AXI_DMA -V1.0\vivado.jou
#-----------------------------------------------------------
start_gui
open_project {E:/project_AXI_DMA -V1.0/project_AXI_DMA.xpr}
Scanning sources...
Finished scanning sources
WARNING: [filemgmt 56-3] IP Repository Path: Could not find the directory 'c:/Users/PC/AppData/ip_repo/data_status_1.0'.
INFO: [IP_Flow 19-234] Refreshing IP repositories
WARNING: [IP_Flow 19-2248] Failed to load user IP repository 'c:/Users/PC/AppData/ip_repo/data_status_1.0'; Can't find the specified path.
If this directory should no longer be in your list of user repositories, go to the IP Settings dialog and remove it.
INFO: [IP_Flow 19-1700] Loaded user IP repository 'e:/project_AXI_DMA -V1.0/ip_repo'.
INFO: [IP_Flow 19-2313] Loaded Vivado IP repository 'D:/vivado/fix_vivado/Vivado/2018.1/data/ip'.
open_project: Time (s): cpu = 00:00:10 ; elapsed = 00:00:11 . Memory (MB): peak = 866.797 ; gain = 152.004
file mkdir {E:/project_AXI_DMA -V1.0/project_AXI_DMA.sdk}
file copy -force {E:/project_AXI_DMA -V1.0/project_AXI_DMA.runs/impl_1/system_wrapper.sysdef} {E:/project_AXI_DMA -V1.0/project_AXI_DMA.sdk/system_wrapper.hdf}

update_compile_order -fileset sources_1
launch_sdk -workspace {E:/project_AXI_DMA -V1.0/project_AXI_DMA.sdk} -hwspec {E:/project_AXI_DMA -V1.0/project_AXI_DMA.sdk/system_wrapper.hdf}
INFO: [Vivado 12-393] Launching SDK...
INFO: [Vivado 12-417] Running xsdk -workspace E:/project_AXI_DMA -V1.0/project_AXI_DMA.sdk -hwspec E:/project_AXI_DMA -V1.0/project_AXI_DMA.sdk/system_wrapper.hdf
INFO: [Vivado 12-3157] SDK launch initiated. Please check console for any further messages.
file copy -force {E:/project_AXI_DMA -V1.0/project_AXI_DMA.runs/impl_1/system_wrapper.sysdef} {E:/project_AXI_DMA -V1.0/project_AXI_DMA.sdk/system_wrapper.hdf}

open_bd_design {E:/project_AXI_DMA -V1.0/project_AXI_DMA.srcs/sources_1/bd/system/system.bd}
Adding cell -- xilinx.com:ip:axi_dma:7.1 - axi_dma_0
Adding cell -- xilinx.com:ip:processing_system7:5.5 - processing_system7_0
Adding cell -- xilinx.com:ip:axis_data_fifo:1.1 - axis_data_fifo_0
Adding cell -- xilinx.com:ip:xlconcat:2.1 - xlconcat_0
Adding cell -- xilinx.com:ip:proc_sys_reset:5.0 - rst_ps7_0_100M
Adding cell -- xilinx.com:ip:smartconnect:1.0 - axi_smc
Adding cell -- xilinx.com:ip:axis_data_fifo:1.1 - axis_data_fifo_1
Adding cell -- xilinx.com:ip:axi_dma:7.1 - axi_dma_1
Adding cell -- xilinx.com:ip:xlconcat:2.1 - xlconcat_1
Adding cell -- xilinx.com:ip:util_vector_logic:2.0 - util_vector_logic_0
Adding cell -- xilinx.com:module_ref:key_debounce:1.0 - key_debounce_0
Adding cell -- xilinx.com:ip:util_vector_logic:2.0 - util_vector_logic_1
Adding cell -- xilinx.com:user:data_status:1.0 - data_status_0
Adding cell -- xilinx.com:ip:smartconnect:1.0 - axi_smc1
Adding cell -- xilinx.com:ip:smartconnect:1.0 - axi_smc2
Adding cell -- xilinx.com:ip:axi_crossbar:2.1 - xbar
Adding cell -- xilinx.com:ip:axi_protocol_converter:2.1 - auto_pc
Adding cell -- xilinx.com:ip:axi_protocol_converter:2.1 - auto_pc
Successfully read diagram <system> from BD file <E:/project_AXI_DMA -V1.0/project_AXI_DMA.srcs/sources_1/bd/system/system.bd>
open_bd_design: Time (s): cpu = 00:00:06 ; elapsed = 00:00:06 . Memory (MB): peak = 994.578 ; gain = 112.379
exit
INFO: [Common 17-206] Exiting Vivado at Tue Mar 28 12:16:04 2023...
