#-----------------------------------------------------------
# Vivado v2018.1 (64-bit)
# SW Build 2188600 on Wed Apr  4 18:40:38 MDT 2018
# IP Build 2185939 on Wed Apr  4 20:55:05 MDT 2018
# Start of session at: Sun Mar  5 09:50:00 2023
# Process ID: 58836
# Current directory: D:/vivado_project/ps_embeded_system/project_AXI_DMA
# Command line: vivado.exe -gui_launcher_event rodinguilauncherevent57364 D:\vivado_project\ps_embeded_system\project_AXI_DMA\project_AXI_DMA.xpr
# Log file: D:/vivado_project/ps_embeded_system/project_AXI_DMA/vivado.log
# Journal file: D:/vivado_project/ps_embeded_system/project_AXI_DMA\vivado.jou
#-----------------------------------------------------------
start_gui
open_project D:/vivado_project/ps_embeded_system/project_AXI_DMA/project_AXI_DMA.xpr
Scanning sources...
Finished scanning sources
INFO: [IP_Flow 19-234] Refreshing IP repositories
INFO: [IP_Flow 19-1704] No user IP repositories specified
INFO: [IP_Flow 19-2313] Loaded Vivado IP repository 'D:/vivado/fix_vivado/Vivado/2018.1/data/ip'.
open_project: Time (s): cpu = 00:00:20 ; elapsed = 00:00:17 . Memory (MB): peak = 919.594 ; gain = 216.281
update_compile_order -fileset sources_1
open_bd_design {D:/vivado_project/ps_embeded_system/project_AXI_DMA/project_AXI_DMA.srcs/sources_1/bd/system/system.bd}
Adding cell -- xilinx.com:ip:axi_dma:7.1 - axi_dma_0
Adding cell -- xilinx.com:ip:processing_system7:5.5 - processing_system7_0
Adding cell -- xilinx.com:ip:axis_data_fifo:1.1 - axis_data_fifo_0
Adding cell -- xilinx.com:ip:xlconcat:2.1 - xlconcat_0
Adding cell -- xilinx.com:ip:proc_sys_reset:5.0 - rst_ps7_0_100M
Adding cell -- xilinx.com:ip:smartconnect:1.0 - axi_smc
Adding cell -- xilinx.com:ip:system_ila:1.1 - system_ila_0
Adding cell -- xilinx.com:ip:axi_protocol_converter:2.1 - auto_pc
Successfully read diagram <system> from BD file <D:/vivado_project/ps_embeded_system/project_AXI_DMA/project_AXI_DMA.srcs/sources_1/bd/system/system.bd>
open_bd_design: Time (s): cpu = 00:00:07 ; elapsed = 00:00:06 . Memory (MB): peak = 1072.043 ; gain = 111.238
WARNING: [IP_Flow 19-474] Invalid Parameter 'Component_Name'
launch_sdk -workspace D:/vivado_project/ps_embeded_system/project_AXI_DMA/project_AXI_DMA.sdk -hwspec D:/vivado_project/ps_embeded_system/project_AXI_DMA/project_AXI_DMA.sdk/system_wrapper.hdf
INFO: [Vivado 12-393] Launching SDK...
INFO: [Vivado 12-417] Running xsdk -workspace D:/vivado_project/ps_embeded_system/project_AXI_DMA/project_AXI_DMA.sdk -hwspec D:/vivado_project/ps_embeded_system/project_AXI_DMA/project_AXI_DMA.sdk/system_wrapper.hdf
INFO: [Vivado 12-3157] SDK launch initiated. Please check console for any further messages.
exit
INFO: [Common 17-206] Exiting Vivado at Sun Mar  5 17:19:13 2023...
